Determining if the function sgemm_ exists failed with the following output:
Change Dir: /apollo/modules/perception/standalone-bins/yolop/build/CMakeFiles/CMakeTmp

Run Build Command(s):/usr/bin/make cmTC_c656b/fast && /usr/bin/make  -f CMakeFiles/cmTC_c656b.dir/build.make CMakeFiles/cmTC_c656b.dir/build
make[1]: Entering directory '/apollo/modules/perception/standalone-bins/yolop/build/CMakeFiles/CMakeTmp'
Building C object CMakeFiles/cmTC_c656b.dir/CheckFunctionExists.c.o
/usr/bin/cc   -DCHECK_FUNCTION_EXISTS=sgemm_ -o CMakeFiles/cmTC_c656b.dir/CheckFunctionExists.c.o -c /opt/apollo/sysroot/share/cmake-3.19/Modules/CheckFunctionExists.c
Linking C executable cmTC_c656b
/opt/apollo/sysroot/bin/cmake -E cmake_link_script CMakeFiles/cmTC_c656b.dir/link.txt --verbose=1
/usr/bin/cc  -DCHECK_FUNCTION_EXISTS=sgemm_ -rdynamic CMakeFiles/cmTC_c656b.dir/CheckFunctionExists.c.o -o cmTC_c656b 
CMakeFiles/cmTC_c656b.dir/CheckFunctionExists.c.o: In function `main':
CheckFunctionExists.c:(.text+0x10): undefined reference to `sgemm_'
collect2: error: ld returned 1 exit status
CMakeFiles/cmTC_c656b.dir/build.make:105: recipe for target 'cmTC_c656b' failed
make[1]: *** [cmTC_c656b] Error 1
make[1]: Leaving directory '/apollo/modules/perception/standalone-bins/yolop/build/CMakeFiles/CMakeTmp'
Makefile:140: recipe for target 'cmTC_c656b/fast' failed
make: *** [cmTC_c656b/fast] Error 2



Performing C SOURCE FILE Test CMAKE_HAVE_LIBC_PTHREAD failed with the following output:
Change Dir: /apollo/modules/perception/standalone-bins/yolop/build/CMakeFiles/CMakeTmp

Run Build Command(s):/usr/bin/make cmTC_fed77/fast && /usr/bin/make  -f CMakeFiles/cmTC_fed77.dir/build.make CMakeFiles/cmTC_fed77.dir/build
make[1]: Entering directory '/apollo/modules/perception/standalone-bins/yolop/build/CMakeFiles/CMakeTmp'
Building C object CMakeFiles/cmTC_fed77.dir/src.c.o
/usr/bin/cc -DCMAKE_HAVE_LIBC_PTHREAD   -o CMakeFiles/cmTC_fed77.dir/src.c.o -c /apollo/modules/perception/standalone-bins/yolop/build/CMakeFiles/CMakeTmp/src.c
Linking C executable cmTC_fed77
/opt/apollo/sysroot/bin/cmake -E cmake_link_script CMakeFiles/cmTC_fed77.dir/link.txt --verbose=1
/usr/bin/cc -rdynamic CMakeFiles/cmTC_fed77.dir/src.c.o -o cmTC_fed77 
CMakeFiles/cmTC_fed77.dir/src.c.o: In function `main':
src.c:(.text+0x3e): undefined reference to `pthread_create'
src.c:(.text+0x4a): undefined reference to `pthread_detach'
src.c:(.text+0x56): undefined reference to `pthread_cancel'
src.c:(.text+0x67): undefined reference to `pthread_join'
src.c:(.text+0x7b): undefined reference to `pthread_atfork'
collect2: error: ld returned 1 exit status
CMakeFiles/cmTC_fed77.dir/build.make:105: recipe for target 'cmTC_fed77' failed
make[1]: *** [cmTC_fed77] Error 1
make[1]: Leaving directory '/apollo/modules/perception/standalone-bins/yolop/build/CMakeFiles/CMakeTmp'
Makefile:140: recipe for target 'cmTC_fed77/fast' failed
make: *** [cmTC_fed77/fast] Error 2


Source file was:
#include <pthread.h>

static void* test_func(void* data)
{
  return data;
}

int main(void)
{
  pthread_t thread;
  pthread_create(&thread, NULL, test_func, NULL);
  pthread_detach(thread);
  pthread_cancel(thread);
  pthread_join(thread, NULL);
  pthread_atfork(NULL, NULL, NULL);
  pthread_exit(NULL);

  return 0;
}

Determining if the function pthread_create exists in the pthreads failed with the following output:
Change Dir: /apollo/modules/perception/standalone-bins/yolop/build/CMakeFiles/CMakeTmp

Run Build Command(s):/usr/bin/make cmTC_71a65/fast && /usr/bin/make  -f CMakeFiles/cmTC_71a65.dir/build.make CMakeFiles/cmTC_71a65.dir/build
make[1]: Entering directory '/apollo/modules/perception/standalone-bins/yolop/build/CMakeFiles/CMakeTmp'
Building C object CMakeFiles/cmTC_71a65.dir/CheckFunctionExists.c.o
/usr/bin/cc   -DCHECK_FUNCTION_EXISTS=pthread_create -o CMakeFiles/cmTC_71a65.dir/CheckFunctionExists.c.o -c /opt/apollo/sysroot/share/cmake-3.19/Modules/CheckFunctionExists.c
Linking C executable cmTC_71a65
/opt/apollo/sysroot/bin/cmake -E cmake_link_script CMakeFiles/cmTC_71a65.dir/link.txt --verbose=1
/usr/bin/cc  -DCHECK_FUNCTION_EXISTS=pthread_create -rdynamic CMakeFiles/cmTC_71a65.dir/CheckFunctionExists.c.o -o cmTC_71a65  -lpthreads 
/usr/bin/ld: cannot find -lpthreads
collect2: error: ld returned 1 exit status
CMakeFiles/cmTC_71a65.dir/build.make:105: recipe for target 'cmTC_71a65' failed
make[1]: *** [cmTC_71a65] Error 1
make[1]: Leaving directory '/apollo/modules/perception/standalone-bins/yolop/build/CMakeFiles/CMakeTmp'
Makefile:140: recipe for target 'cmTC_71a65/fast' failed
make: *** [cmTC_71a65/fast] Error 2



