-- The C compiler identification is GNU 9.4.0
-- The CXX compiler identification is GNU 9.4.0
-- Detecting C compiler ABI info
-- Detecting C compiler ABI info - done
-- Check for working C compiler: /usr/bin/cc - skipped
-- Detecting C compile features
-- Detecting C compile features - done
-- Detecting CXX compiler ABI info
-- Detecting CXX compiler ABI info - done
-- Check for working CXX compiler: /usr/bin/c++ - skipped
-- Detecting CXX compile features
-- Detecting CXX compile features - done
-- Found ament_cmake: 1.3.6 (/opt/ros/humble/share/ament_cmake/cmake)
-- Found Python3: /usr/bin/python3.8 (found version "3.8.10") found components: Interpreter
-- Found rclcpp: 16.0.7 (/opt/ros/humble/share/rclcpp/cmake)
-- Found rosidl_generator_c: 3.1.5 (/opt/ros/humble/share/rosidl_generator_c/cmake)
-- Found rosidl_adapter: 3.1.5 (/opt/ros/humble/share/rosidl_adapter/cmake)
-- Found rosidl_generator_cpp: 3.1.5 (/opt/ros/humble/share/rosidl_generator_cpp/cmake)
-- Using all available rosidl_typesupport_c: rosidl_typesupport_fastrtps_c;rosidl_typesupport_introspection_c
-- Using all available rosidl_typesupport_cpp: rosidl_typesupport_fastrtps_cpp;rosidl_typesupport_introspection_cpp
-- Found rmw_implementation_cmake: 6.1.1 (/opt/ros/humble/share/rmw_implementation_cmake/cmake)
-- Found rmw_fastrtps_cpp: 6.2.5 (/opt/ros/humble/share/rmw_fastrtps_cpp/cmake)
-- Found OpenSSL: /usr/lib/x86_64-linux-gnu/libcrypto.so (found version "1.1.1f")
-- Found FastRTPS: /opt/ros/humble/include
-- Using RMW implementation 'rmw_fastrtps_cpp' as default
-- Performing Test CMAKE_HAVE_LIBC_PTHREAD
-- Performing Test CMAKE_HAVE_LIBC_PTHREAD - Failed
-- Looking for pthread_create in pthreads
-- Looking for pthread_create in pthreads - not found
-- Looking for pthread_create in pthread
-- Looking for pthread_create in pthread - found
-- Found Threads: TRUE
-- Found example_interfaces: 0.9.3 (/opt/ros/humble/share/example_interfaces/cmake)
-- Configuring done (3.1s)
-- Generating done (0.0s)
-- Build files have been written to: /tareeq/build/cpp_srvcli
[1/4] Building CXX object CMakeFiles/server.dir/src/add_two_ints_server.cpp.o
[2/4] Building CXX object CMakeFiles/client.dir/src/add_two_ints_client.cpp.o
[3/4] Linking CXX executable server
[4/4] Linking CXX executable client
-- Install configuration: ""
-- Installing: /tareeq/install/cpp_srvcli/lib/cpp_srvcli/server
-- Set non-toolchain portion of runtime path of "/tareeq/install/cpp_srvcli/lib/cpp_srvcli/server" to ""
-- Installing: /tareeq/install/cpp_srvcli/lib/cpp_srvcli/client
-- Set non-toolchain portion of runtime path of "/tareeq/install/cpp_srvcli/lib/cpp_srvcli/client" to ""
-- Installing: /tareeq/install/cpp_srvcli/share/ament_index/resource_index/package_run_dependencies/cpp_srvcli
-- Installing: /tareeq/install/cpp_srvcli/share/ament_index/resource_index/parent_prefix_path/cpp_srvcli
-- Installing: /tareeq/install/cpp_srvcli/share/cpp_srvcli/environment/ament_prefix_path.sh
-- Installing: /tareeq/install/cpp_srvcli/share/cpp_srvcli/environment/ament_prefix_path.dsv
-- Installing: /tareeq/install/cpp_srvcli/share/cpp_srvcli/environment/path.sh
-- Installing: /tareeq/install/cpp_srvcli/share/cpp_srvcli/environment/path.dsv
-- Installing: /tareeq/install/cpp_srvcli/share/cpp_srvcli/local_setup.bash
-- Installing: /tareeq/install/cpp_srvcli/share/cpp_srvcli/local_setup.sh
-- Installing: /tareeq/install/cpp_srvcli/share/cpp_srvcli/local_setup.zsh
-- Installing: /tareeq/install/cpp_srvcli/share/cpp_srvcli/local_setup.dsv
-- Installing: /tareeq/install/cpp_srvcli/share/cpp_srvcli/package.dsv
-- Installing: /tareeq/install/cpp_srvcli/share/ament_index/resource_index/packages/cpp_srvcli
-- Installing: /tareeq/install/cpp_srvcli/share/cpp_srvcli/cmake/cpp_srvcliConfig.cmake
-- Installing: /tareeq/install/cpp_srvcli/share/cpp_srvcli/cmake/cpp_srvcliConfig-version.cmake
-- Installing: /tareeq/install/cpp_srvcli/share/cpp_srvcli/package.xml
