[0.054s] Invoking command in '/tareeq/build/cpp_srvcli': CMAKE_PREFIX_PATH=/opt/ros/humble _=/usr/bin/env /usr/bin/cmake /tareeq/src/cpp_srvcli -DCMAKE_EXPORT_COMPILE_COMMANDS=ON -G Ninja -DCMAKE_INSTALL_PREFIX=/tareeq/install/cpp_srvcli
[0.234s] -- The C compiler identification is GNU 9.4.0
[0.235s] -- The CXX compiler identification is GNU 9.4.0
[0.235s] -- Detecting C compiler ABI info
[0.299s] -- Detecting C compiler ABI info - done
[0.320s] -- Check for working C compiler: /usr/bin/cc - skipped
[0.321s] -- Detecting C compile features
[0.321s] -- Detecting C compile features - done
[0.328s] -- Detecting CXX compiler ABI info
[0.436s] -- Detecting CXX compiler ABI info - done
[0.458s] -- Check for working CXX compiler: /usr/bin/c++ - skipped
[0.458s] -- Detecting CXX compile features
[0.458s] -- Detecting CXX compile features - done
[0.461s] -- Found ament_cmake: 1.3.6 (/opt/ros/humble/share/ament_cmake/cmake)
[1.949s] -- Found Python3: /usr/bin/python3.8 (found version "3.8.10") found components: Interpreter
[2.024s] -- Found rclcpp: 16.0.7 (/opt/ros/humble/share/rclcpp/cmake)
[2.068s] -- Found rosidl_generator_c: 3.1.5 (/opt/ros/humble/share/rosidl_generator_c/cmake)
[2.074s] -- Found rosidl_adapter: 3.1.5 (/opt/ros/humble/share/rosidl_adapter/cmake)
[2.085s] -- Found rosidl_generator_cpp: 3.1.5 (/opt/ros/humble/share/rosidl_generator_cpp/cmake)
[2.108s] -- Using all available rosidl_typesupport_c: rosidl_typesupport_fastrtps_c;rosidl_typesupport_introspection_c
[2.129s] -- Using all available rosidl_typesupport_cpp: rosidl_typesupport_fastrtps_cpp;rosidl_typesupport_introspection_cpp
[2.204s] -- Found rmw_implementation_cmake: 6.1.1 (/opt/ros/humble/share/rmw_implementation_cmake/cmake)
[2.206s] -- Found rmw_fastrtps_cpp: 6.2.5 (/opt/ros/humble/share/rmw_fastrtps_cpp/cmake)
[2.354s] -- Found OpenSSL: /usr/lib/x86_64-linux-gnu/libcrypto.so (found version "1.1.1f")
[2.387s] -- Found FastRTPS: /opt/ros/humble/include
[2.440s] -- Using RMW implementation 'rmw_fastrtps_cpp' as default
[2.452s] -- Performing Test CMAKE_HAVE_LIBC_PTHREAD
[2.554s] -- Performing Test CMAKE_HAVE_LIBC_PTHREAD - Failed
[2.554s] -- Looking for pthread_create in pthreads
[2.644s] -- Looking for pthread_create in pthreads - not found
[2.644s] -- Looking for pthread_create in pthread
[2.751s] -- Looking for pthread_create in pthread - found
[2.751s] -- Found Threads: TRUE
[2.916s] -- Found example_interfaces: 0.9.3 (/opt/ros/humble/share/example_interfaces/cmake)
[3.115s] -- Configuring done (3.1s)
[3.128s] -- Generating done (0.0s)
[3.141s] -- Build files have been written to: /tareeq/build/cpp_srvcli
[3.150s] Invoked command in '/tareeq/build/cpp_srvcli' returned '0': CMAKE_PREFIX_PATH=/opt/ros/humble _=/usr/bin/env /usr/bin/cmake /tareeq/src/cpp_srvcli -DCMAKE_EXPORT_COMPILE_COMMANDS=ON -G Ninja -DCMAKE_INSTALL_PREFIX=/tareeq/install/cpp_srvcli
[3.153s] Invoking command in '/tareeq/build/cpp_srvcli': CMAKE_PREFIX_PATH=/opt/ros/humble _=/usr/bin/env /usr/bin/cmake --build /tareeq/build/cpp_srvcli -- -j32 -l32
[6.155s] [1/4] Building CXX object CMakeFiles/server.dir/src/add_two_ints_server.cpp.o
[6.201s] [2/4] Building CXX object CMakeFiles/client.dir/src/add_two_ints_client.cpp.o
[6.310s] [3/4] Linking CXX executable server
[6.344s] [4/4] Linking CXX executable client
[6.347s] Invoked command in '/tareeq/build/cpp_srvcli' returned '0': CMAKE_PREFIX_PATH=/opt/ros/humble _=/usr/bin/env /usr/bin/cmake --build /tareeq/build/cpp_srvcli -- -j32 -l32
[6.386s] Invoking command in '/tareeq/build/cpp_srvcli': CMAKE_PREFIX_PATH=/opt/ros/humble _=/usr/bin/env /usr/bin/cmake --install /tareeq/build/cpp_srvcli
[6.392s] -- Install configuration: ""
[6.392s] -- Installing: /tareeq/install/cpp_srvcli/lib/cpp_srvcli/server
[6.400s] -- Set non-toolchain portion of runtime path of "/tareeq/install/cpp_srvcli/lib/cpp_srvcli/server" to ""
[6.401s] -- Installing: /tareeq/install/cpp_srvcli/lib/cpp_srvcli/client
[6.404s] -- Set non-toolchain portion of runtime path of "/tareeq/install/cpp_srvcli/lib/cpp_srvcli/client" to ""
[6.404s] -- Installing: /tareeq/install/cpp_srvcli/share/ament_index/resource_index/package_run_dependencies/cpp_srvcli
[6.404s] -- Installing: /tareeq/install/cpp_srvcli/share/ament_index/resource_index/parent_prefix_path/cpp_srvcli
[6.405s] -- Installing: /tareeq/install/cpp_srvcli/share/cpp_srvcli/environment/ament_prefix_path.sh
[6.405s] -- Installing: /tareeq/install/cpp_srvcli/share/cpp_srvcli/environment/ament_prefix_path.dsv
[6.405s] -- Installing: /tareeq/install/cpp_srvcli/share/cpp_srvcli/environment/path.sh
[6.405s] -- Installing: /tareeq/install/cpp_srvcli/share/cpp_srvcli/environment/path.dsv
[6.405s] -- Installing: /tareeq/install/cpp_srvcli/share/cpp_srvcli/local_setup.bash
[6.405s] -- Installing: /tareeq/install/cpp_srvcli/share/cpp_srvcli/local_setup.sh
[6.406s] -- Installing: /tareeq/install/cpp_srvcli/share/cpp_srvcli/local_setup.zsh
[6.406s] -- Installing: /tareeq/install/cpp_srvcli/share/cpp_srvcli/local_setup.dsv
[6.406s] -- Installing: /tareeq/install/cpp_srvcli/share/cpp_srvcli/package.dsv
[6.406s] -- Installing: /tareeq/install/cpp_srvcli/share/ament_index/resource_index/packages/cpp_srvcli
[6.406s] -- Installing: /tareeq/install/cpp_srvcli/share/cpp_srvcli/cmake/cpp_srvcliConfig.cmake
[6.406s] -- Installing: /tareeq/install/cpp_srvcli/share/cpp_srvcli/cmake/cpp_srvcliConfig-version.cmake
[6.407s] -- Installing: /tareeq/install/cpp_srvcli/share/cpp_srvcli/package.xml
[6.408s] Invoked command in '/tareeq/build/cpp_srvcli' returned '0': CMAKE_PREFIX_PATH=/opt/ros/humble _=/usr/bin/env /usr/bin/cmake --install /tareeq/build/cpp_srvcli
