[0.072s] Invoking command in '/tareeq/build/isaac_ros_tensor_list_interfaces': AMENT_PREFIX_PATH=/tareeq/install/isaac_ros_common:${AMENT_PREFIX_PATH} CMAKE_PREFIX_PATH=/tareeq/install/isaac_ros_common:/opt/ros/humble LD_LIBRARY_PATH=/tareeq/install/isaac_ros_common/lib:${LD_LIBRARY_PATH} _=/usr/bin/env /usr/bin/cmake /tareeq/isaac_ros_common/isaac_ros_tensor_list_interfaces -DCMAKE_EXPORT_COMPILE_COMMANDS=ON -G Ninja -DCMAKE_INSTALL_PREFIX=/tareeq/install/isaac_ros_tensor_list_interfaces
[0.139s] -- The C compiler identification is GNU 9.4.0
[0.206s] -- The CXX compiler identification is GNU 9.4.0
[0.221s] -- Detecting C compiler ABI info
[0.310s] -- Detecting C compiler ABI info - done
[0.327s] -- Check for working C compiler: /usr/bin/cc - skipped
[0.327s] -- Detecting C compile features
[0.328s] -- Detecting C compile features - done
[0.336s] -- Detecting CXX compiler ABI info
[0.442s] -- Detecting CXX compiler ABI info - done
[0.462s] -- Check for working CXX compiler: /usr/bin/c++ - skipped
[0.462s] -- Detecting CXX compile features
[0.462s] -- Detecting CXX compile features - done
[0.465s] -- Found ament_cmake_auto: 1.3.6 (/opt/ros/humble/share/ament_cmake_auto/cmake)
[0.871s] -- Found Python3: /usr/bin/python3.8 (found version "3.8.10") found components: Interpreter
[1.003s] -- Loading isaac_ros_common extras
[1.003s] -- CMAKE_BUILD_TYPE: Release
[1.025s] -- Performing Test CMAKE_HAVE_LIBC_PTHREAD
[1.119s] -- Performing Test CMAKE_HAVE_LIBC_PTHREAD - Failed
[1.119s] -- Looking for pthread_create in pthreads
[1.205s] -- Looking for pthread_create in pthreads - not found
[1.205s] -- Looking for pthread_create in pthread
[1.296s] -- Looking for pthread_create in pthread - found
[1.297s] -- Found Threads: TRUE
[1.318s] -- Found CUDA: /usr/local/cuda (found version "11.8")
[1.319s] -- Loading isaac_ros_common extras (modules)
[1.367s] -- Found rosidl_generator_c: 3.1.5 (/opt/ros/humble/share/rosidl_generator_c/cmake)
[1.372s] -- Found rosidl_adapter: 3.1.5 (/opt/ros/humble/share/rosidl_adapter/cmake)
[1.382s] -- Found rosidl_generator_cpp: 3.1.5 (/opt/ros/humble/share/rosidl_generator_cpp/cmake)
[1.398s] -- Using all available rosidl_typesupport_c: rosidl_typesupport_fastrtps_c;rosidl_typesupport_introspection_c
[1.420s] -- Using all available rosidl_typesupport_cpp: rosidl_typesupport_fastrtps_cpp;rosidl_typesupport_introspection_cpp
[1.499s] -- Found rmw_implementation_cmake: 6.1.1 (/opt/ros/humble/share/rmw_implementation_cmake/cmake)
[1.502s] -- Found rmw_fastrtps_cpp: 6.2.5 (/opt/ros/humble/share/rmw_fastrtps_cpp/cmake)
[1.648s] -- Found OpenSSL: /usr/lib/x86_64-linux-gnu/libcrypto.so (found version "1.1.1f")
[1.678s] -- Found FastRTPS: /opt/ros/humble/include
[1.738s] -- Using RMW implementation 'rmw_fastrtps_cpp' as default
[2.817s] -- Found ament_cmake_ros: 0.10.0 (/opt/ros/humble/share/ament_cmake_ros/cmake)
[4.805s] -- Using all available rosidl_typesupport_c: rosidl_typesupport_fastrtps_c;rosidl_typesupport_introspection_c
[5.601s] -- Using all available rosidl_typesupport_cpp: rosidl_typesupport_fastrtps_cpp;rosidl_typesupport_introspection_cpp
[5.628s] -- Found PythonInterp: /usr/bin/python3 (found suitable version "3.8.10", minimum required is "3.6")
[5.632s] -- Found python_cmake_module: 0.10.0 (/opt/ros/humble/share/python_cmake_module/cmake)
[5.664s] -- Found PythonLibs: /usr/lib/x86_64-linux-gnu/libpython3.8.so (found suitable version "3.8.10", minimum required is "3.5")
[5.664s] -- Using PYTHON_EXECUTABLE: /usr/bin/python3
[5.664s] -- Using PYTHON_INCLUDE_DIRS: /usr/include/python3.8
[5.665s] -- Using PYTHON_LIBRARIES: /usr/lib/x86_64-linux-gnu/libpython3.8.so
[5.688s] -- Found PythonExtra: .so
[5.758s] -- Found ament_lint_auto: 0.12.9 (/opt/ros/humble/share/ament_lint_auto/cmake)
[5.787s] -- Added test 'copyright' to check source files copyright and LICENSE
[5.788s] -- Added test 'lint_cmake' to check CMake code style
[5.789s] -- Added test 'xmllint' to check XML markup files
[5.793s] -- Configuring done (5.7s)
[5.833s] -- Generating done (0.0s)
[5.846s] -- Build files have been written to: /tareeq/build/isaac_ros_tensor_list_interfaces
[5.858s] Invoked command in '/tareeq/build/isaac_ros_tensor_list_interfaces' returned '0': AMENT_PREFIX_PATH=/tareeq/install/isaac_ros_common:${AMENT_PREFIX_PATH} CMAKE_PREFIX_PATH=/tareeq/install/isaac_ros_common:/opt/ros/humble LD_LIBRARY_PATH=/tareeq/install/isaac_ros_common/lib:${LD_LIBRARY_PATH} _=/usr/bin/env /usr/bin/cmake /tareeq/isaac_ros_common/isaac_ros_tensor_list_interfaces -DCMAKE_EXPORT_COMPILE_COMMANDS=ON -G Ninja -DCMAKE_INSTALL_PREFIX=/tareeq/install/isaac_ros_tensor_list_interfaces
[5.860s] Invoking command in '/tareeq/build/isaac_ros_tensor_list_interfaces': AMENT_PREFIX_PATH=/tareeq/install/isaac_ros_common:${AMENT_PREFIX_PATH} CMAKE_PREFIX_PATH=/tareeq/install/isaac_ros_common:/opt/ros/humble LD_LIBRARY_PATH=/tareeq/install/isaac_ros_common/lib:${LD_LIBRARY_PATH} _=/usr/bin/env /usr/bin/cmake --build /tareeq/build/isaac_ros_tensor_list_interfaces -- -j32 -l32
[5.899s] [1/49] cd /tareeq/build/isaac_ros_tensor_list_interfaces && /usr/bin/cmake -E copy_directory /tareeq/build/isaac_ros_tensor_list_interfaces/rosidl_generator_py/isaac_ros_tensor_list_interfaces /tareeq/build/isaac_ros_tensor_list_interfaces/ament_cmake_python/isaac_ros_tensor_list_interfaces/isaac_ros_tensor_list_interfaces
[6.267s] [2/49] Generating C++ code for ROS interfaces
[6.375s] [3/49] Generating C code for ROS interfaces
[6.455s] [4/49] cd /tareeq/build/isaac_ros_tensor_list_interfaces/ament_cmake_python/isaac_ros_tensor_list_interfaces && /usr/bin/python3.8 setup.py egg_info
[6.455s] running egg_info
[6.456s] creating isaac_ros_tensor_list_interfaces.egg-info
[6.457s] writing isaac_ros_tensor_list_interfaces.egg-info/PKG-INFO
[6.457s] writing dependency_links to isaac_ros_tensor_list_interfaces.egg-info/dependency_links.txt
[6.458s] writing top-level names to isaac_ros_tensor_list_interfaces.egg-info/top_level.txt
[6.460s] writing manifest file 'isaac_ros_tensor_list_interfaces.egg-info/SOURCES.txt'
[6.460s] reading manifest file 'isaac_ros_tensor_list_interfaces.egg-info/SOURCES.txt'
[6.461s] writing manifest file 'isaac_ros_tensor_list_interfaces.egg-info/SOURCES.txt'
[6.552s] [5/49] Building C object CMakeFiles/isaac_ros_tensor_list_interfaces__rosidl_generator_c.dir/rosidl_generator_c/isaac_ros_tensor_list_interfaces/msg/detail/tensor_shape__functions.c.o
[6.566s] [6/49] Building C object CMakeFiles/isaac_ros_tensor_list_interfaces__rosidl_generator_c.dir/rosidl_generator_c/isaac_ros_tensor_list_interfaces/msg/detail/tensor__functions.c.o
[6.638s] [7/49] Building C object CMakeFiles/isaac_ros_tensor_list_interfaces__rosidl_generator_c.dir/rosidl_generator_c/isaac_ros_tensor_list_interfaces/msg/detail/tensor_list__functions.c.o
[6.716s] [8/49] Linking C shared library libisaac_ros_tensor_list_interfaces__rosidl_generator_c.so
[6.826s] [9/49] Generating C++ type support for eProsima Fast-RTPS
[6.861s] [10/49] Generating C++ type support dispatch for ROS interfaces
[6.947s] [11/49] Generating C++ introspection for ROS interfaces
[7.300s] [12/49] Generating C introspection for ROS interfaces
[7.337s] [13/49] Generating C type support dispatch for ROS interfaces
[7.369s] [14/49] Generating C type support for eProsima Fast-RTPS
[7.458s] [15/49] Building CXX object CMakeFiles/isaac_ros_tensor_list_interfaces__rosidl_typesupport_cpp.dir/rosidl_typesupport_cpp/isaac_ros_tensor_list_interfaces/msg/tensor_list__type_support.cpp.o
[7.461s] [16/49] Building CXX object CMakeFiles/isaac_ros_tensor_list_interfaces__rosidl_typesupport_cpp.dir/rosidl_typesupport_cpp/isaac_ros_tensor_list_interfaces/msg/tensor_shape__type_support.cpp.o
[7.477s] [17/49] Building CXX object CMakeFiles/isaac_ros_tensor_list_interfaces__rosidl_typesupport_c.dir/rosidl_typesupport_c/isaac_ros_tensor_list_interfaces/msg/tensor_shape__type_support.cpp.o
[7.482s] [18/49] Building CXX object CMakeFiles/isaac_ros_tensor_list_interfaces__rosidl_typesupport_cpp.dir/rosidl_typesupport_cpp/isaac_ros_tensor_list_interfaces/msg/tensor__type_support.cpp.o
[7.492s] [19/49] Building C object CMakeFiles/isaac_ros_tensor_list_interfaces__rosidl_typesupport_introspection_c.dir/rosidl_typesupport_introspection_c/isaac_ros_tensor_list_interfaces/msg/detail/tensor_shape__type_support.c.o
[7.513s] [20/49] Building CXX object CMakeFiles/isaac_ros_tensor_list_interfaces__rosidl_typesupport_c.dir/rosidl_typesupport_c/isaac_ros_tensor_list_interfaces/msg/tensor_list__type_support.cpp.o
[7.545s] [21/49] Building CXX object CMakeFiles/isaac_ros_tensor_list_interfaces__rosidl_typesupport_c.dir/rosidl_typesupport_c/isaac_ros_tensor_list_interfaces/msg/tensor__type_support.cpp.o
[7.556s] [22/49] Building C object CMakeFiles/isaac_ros_tensor_list_interfaces__rosidl_typesupport_introspection_c.dir/rosidl_typesupport_introspection_c/isaac_ros_tensor_list_interfaces/msg/detail/tensor_list__type_support.c.o
[7.577s] [23/49] Building C object CMakeFiles/isaac_ros_tensor_list_interfaces__rosidl_typesupport_introspection_c.dir/rosidl_typesupport_introspection_c/isaac_ros_tensor_list_interfaces/msg/detail/tensor__type_support.c.o
[7.623s] [24/49] Linking CXX shared library libisaac_ros_tensor_list_interfaces__rosidl_typesupport_cpp.so
[7.652s] [25/49] Building CXX object CMakeFiles/isaac_ros_tensor_list_interfaces__rosidl_typesupport_fastrtps_cpp.dir/rosidl_typesupport_fastrtps_cpp/isaac_ros_tensor_list_interfaces/msg/detail/dds_fastrtps/tensor_shape__type_support.cpp.o
[7.663s] [26/49] Linking CXX shared library libisaac_ros_tensor_list_interfaces__rosidl_typesupport_c.so
[7.685s] [27/49] Linking C shared library libisaac_ros_tensor_list_interfaces__rosidl_typesupport_introspection_c.so
[7.786s] [28/49] Building CXX object CMakeFiles/isaac_ros_tensor_list_interfaces__rosidl_typesupport_introspection_cpp.dir/rosidl_typesupport_introspection_cpp/isaac_ros_tensor_list_interfaces/msg/detail/tensor_shape__type_support.cpp.o
[7.799s] [29/49] Building CXX object CMakeFiles/isaac_ros_tensor_list_interfaces__rosidl_typesupport_introspection_cpp.dir/rosidl_typesupport_introspection_cpp/isaac_ros_tensor_list_interfaces/msg/detail/tensor__type_support.cpp.o
[7.837s] [30/49] Building CXX object CMakeFiles/isaac_ros_tensor_list_interfaces__rosidl_typesupport_fastrtps_cpp.dir/rosidl_typesupport_fastrtps_cpp/isaac_ros_tensor_list_interfaces/msg/detail/dds_fastrtps/tensor__type_support.cpp.o
[7.841s] [31/49] Building CXX object CMakeFiles/isaac_ros_tensor_list_interfaces__rosidl_typesupport_fastrtps_cpp.dir/rosidl_typesupport_fastrtps_cpp/isaac_ros_tensor_list_interfaces/msg/detail/dds_fastrtps/tensor_list__type_support.cpp.o
[7.914s] [32/49] Linking CXX shared library libisaac_ros_tensor_list_interfaces__rosidl_typesupport_fastrtps_cpp.so
[7.997s] [33/49] Building CXX object CMakeFiles/isaac_ros_tensor_list_interfaces__rosidl_typesupport_fastrtps_c.dir/rosidl_typesupport_fastrtps_c/isaac_ros_tensor_list_interfaces/msg/detail/tensor_list__type_support_c.cpp.o
[8.015s] [34/49] Building CXX object CMakeFiles/isaac_ros_tensor_list_interfaces__rosidl_typesupport_introspection_cpp.dir/rosidl_typesupport_introspection_cpp/isaac_ros_tensor_list_interfaces/msg/detail/tensor_list__type_support.cpp.o
[8.026s] [35/49] Building CXX object CMakeFiles/isaac_ros_tensor_list_interfaces__rosidl_typesupport_fastrtps_c.dir/rosidl_typesupport_fastrtps_c/isaac_ros_tensor_list_interfaces/msg/detail/tensor__type_support_c.cpp.o
[8.032s] [36/49] Building CXX object CMakeFiles/isaac_ros_tensor_list_interfaces__rosidl_typesupport_fastrtps_c.dir/rosidl_typesupport_fastrtps_c/isaac_ros_tensor_list_interfaces/msg/detail/tensor_shape__type_support_c.cpp.o
[8.106s] [37/49] Linking CXX shared library libisaac_ros_tensor_list_interfaces__rosidl_typesupport_introspection_cpp.so
[8.131s] [38/49] Linking CXX shared library libisaac_ros_tensor_list_interfaces__rosidl_typesupport_fastrtps_c.so
[9.024s] [39/49] Generating Python code for ROS interfaces
[9.087s] [40/49] Building C object CMakeFiles/isaac_ros_tensor_list_interfaces__rosidl_generator_py.dir/rosidl_generator_py/isaac_ros_tensor_list_interfaces/msg/_tensor_shape_s.c.o
[9.087s] [41/49] Building C object CMakeFiles/isaac_ros_tensor_list_interfaces__rosidl_typesupport_introspection_c__pyext.dir/rosidl_generator_py/isaac_ros_tensor_list_interfaces/_isaac_ros_tensor_list_interfaces_s.ep.rosidl_typesupport_introspection_c.c.o
[9.173s] [42/49] Building C object CMakeFiles/isaac_ros_tensor_list_interfaces__rosidl_typesupport_fastrtps_c__pyext.dir/rosidl_generator_py/isaac_ros_tensor_list_interfaces/_isaac_ros_tensor_list_interfaces_s.ep.rosidl_typesupport_fastrtps_c.c.o
[9.173s] [43/49] Building C object CMakeFiles/isaac_ros_tensor_list_interfaces__rosidl_generator_py.dir/rosidl_generator_py/isaac_ros_tensor_list_interfaces/msg/_tensor_s.c.o
[9.173s] [44/49] Building C object CMakeFiles/isaac_ros_tensor_list_interfaces__rosidl_generator_py.dir/rosidl_generator_py/isaac_ros_tensor_list_interfaces/msg/_tensor_list_s.c.o
[9.484s] [45/49] Building C object CMakeFiles/isaac_ros_tensor_list_interfaces__rosidl_typesupport_c__pyext.dir/rosidl_generator_py/isaac_ros_tensor_list_interfaces/_isaac_ros_tensor_list_interfaces_s.ep.rosidl_typesupport_c.c.o
[9.485s] [46/49] Linking C shared library rosidl_generator_py/isaac_ros_tensor_list_interfaces/libisaac_ros_tensor_list_interfaces__rosidl_generator_py.so
[9.485s] [47/49] Linking C shared library rosidl_generator_py/isaac_ros_tensor_list_interfaces/isaac_ros_tensor_list_interfaces_s__rosidl_typesupport_introspection_c.cpython-38-x86_64-linux-gnu.so
[9.485s] [48/49] Linking C shared library rosidl_generator_py/isaac_ros_tensor_list_interfaces/isaac_ros_tensor_list_interfaces_s__rosidl_typesupport_c.cpython-38-x86_64-linux-gnu.so
[9.485s] [49/49] Linking C shared library rosidl_generator_py/isaac_ros_tensor_list_interfaces/isaac_ros_tensor_list_interfaces_s__rosidl_typesupport_fastrtps_c.cpython-38-x86_64-linux-gnu.so
[9.861s] Invoked command in '/tareeq/build/isaac_ros_tensor_list_interfaces' returned '0': AMENT_PREFIX_PATH=/tareeq/install/isaac_ros_common:${AMENT_PREFIX_PATH} CMAKE_PREFIX_PATH=/tareeq/install/isaac_ros_common:/opt/ros/humble LD_LIBRARY_PATH=/tareeq/install/isaac_ros_common/lib:${LD_LIBRARY_PATH} _=/usr/bin/env /usr/bin/cmake --build /tareeq/build/isaac_ros_tensor_list_interfaces -- -j32 -l32
[9.897s] Invoking command in '/tareeq/build/isaac_ros_tensor_list_interfaces': AMENT_PREFIX_PATH=/tareeq/install/isaac_ros_common:${AMENT_PREFIX_PATH} CMAKE_PREFIX_PATH=/tareeq/install/isaac_ros_common:/opt/ros/humble LD_LIBRARY_PATH=/tareeq/install/isaac_ros_common/lib:${LD_LIBRARY_PATH} _=/usr/bin/env /usr/bin/cmake --install /tareeq/build/isaac_ros_tensor_list_interfaces
[9.903s] -- Install configuration: "Release"
[9.904s] -- Installing: /tareeq/install/isaac_ros_tensor_list_interfaces/share/ament_index/resource_index/rosidl_interfaces/isaac_ros_tensor_list_interfaces
[9.904s] -- Installing: /tareeq/install/isaac_ros_tensor_list_interfaces/include/isaac_ros_tensor_list_interfaces/isaac_ros_tensor_list_interfaces
[9.904s] -- Installing: /tareeq/install/isaac_ros_tensor_list_interfaces/include/isaac_ros_tensor_list_interfaces/isaac_ros_tensor_list_interfaces/msg
[9.904s] -- Installing: /tareeq/install/isaac_ros_tensor_list_interfaces/include/isaac_ros_tensor_list_interfaces/isaac_ros_tensor_list_interfaces/msg/detail
[9.904s] -- Installing: /tareeq/install/isaac_ros_tensor_list_interfaces/include/isaac_ros_tensor_list_interfaces/isaac_ros_tensor_list_interfaces/msg/detail/tensor_shape__functions.h
[9.904s] -- Installing: /tareeq/install/isaac_ros_tensor_list_interfaces/include/isaac_ros_tensor_list_interfaces/isaac_ros_tensor_list_interfaces/msg/detail/tensor__functions.h
[9.904s] -- Installing: /tareeq/install/isaac_ros_tensor_list_interfaces/include/isaac_ros_tensor_list_interfaces/isaac_ros_tensor_list_interfaces/msg/detail/tensor_shape__struct.h
[9.905s] -- Installing: /tareeq/install/isaac_ros_tensor_list_interfaces/include/isaac_ros_tensor_list_interfaces/isaac_ros_tensor_list_interfaces/msg/detail/tensor_shape__type_support.h
[9.905s] -- Installing: /tareeq/install/isaac_ros_tensor_list_interfaces/include/isaac_ros_tensor_list_interfaces/isaac_ros_tensor_list_interfaces/msg/detail/tensor__functions.c
[9.905s] -- Installing: /tareeq/install/isaac_ros_tensor_list_interfaces/include/isaac_ros_tensor_list_interfaces/isaac_ros_tensor_list_interfaces/msg/detail/tensor_list__functions.h
[9.905s] -- Installing: /tareeq/install/isaac_ros_tensor_list_interfaces/include/isaac_ros_tensor_list_interfaces/isaac_ros_tensor_list_interfaces/msg/detail/tensor__type_support.h
[9.905s] -- Installing: /tareeq/install/isaac_ros_tensor_list_interfaces/include/isaac_ros_tensor_list_interfaces/isaac_ros_tensor_list_interfaces/msg/detail/tensor__struct.h
[9.906s] -- Installing: /tareeq/install/isaac_ros_tensor_list_interfaces/include/isaac_ros_tensor_list_interfaces/isaac_ros_tensor_list_interfaces/msg/detail/tensor_shape__functions.c
[9.906s] -- Installing: /tareeq/install/isaac_ros_tensor_list_interfaces/include/isaac_ros_tensor_list_interfaces/isaac_ros_tensor_list_interfaces/msg/detail/tensor_list__struct.h
[9.906s] -- Installing: /tareeq/install/isaac_ros_tensor_list_interfaces/include/isaac_ros_tensor_list_interfaces/isaac_ros_tensor_list_interfaces/msg/detail/tensor_list__functions.c
[9.906s] -- Installing: /tareeq/install/isaac_ros_tensor_list_interfaces/include/isaac_ros_tensor_list_interfaces/isaac_ros_tensor_list_interfaces/msg/detail/tensor_list__type_support.h
[9.907s] -- Installing: /tareeq/install/isaac_ros_tensor_list_interfaces/include/isaac_ros_tensor_list_interfaces/isaac_ros_tensor_list_interfaces/msg/rosidl_generator_c__visibility_control.h
[9.907s] -- Installing: /tareeq/install/isaac_ros_tensor_list_interfaces/include/isaac_ros_tensor_list_interfaces/isaac_ros_tensor_list_interfaces/msg/tensor.h
[9.907s] -- Installing: /tareeq/install/isaac_ros_tensor_list_interfaces/include/isaac_ros_tensor_list_interfaces/isaac_ros_tensor_list_interfaces/msg/tensor_list.h
[9.907s] -- Installing: /tareeq/install/isaac_ros_tensor_list_interfaces/include/isaac_ros_tensor_list_interfaces/isaac_ros_tensor_list_interfaces/msg/tensor_shape.h
[9.907s] -- Installing: /tareeq/install/isaac_ros_tensor_list_interfaces/share/isaac_ros_tensor_list_interfaces/environment/library_path.sh
[9.907s] -- Installing: /tareeq/install/isaac_ros_tensor_list_interfaces/share/isaac_ros_tensor_list_interfaces/environment/library_path.dsv
[9.907s] -- Installing: /tareeq/install/isaac_ros_tensor_list_interfaces/lib/libisaac_ros_tensor_list_interfaces__rosidl_generator_c.so
[9.908s] -- Set non-toolchain portion of runtime path of "/tareeq/install/isaac_ros_tensor_list_interfaces/lib/libisaac_ros_tensor_list_interfaces__rosidl_generator_c.so" to ""
[9.908s] -- Up-to-date: /tareeq/install/isaac_ros_tensor_list_interfaces/include/isaac_ros_tensor_list_interfaces/isaac_ros_tensor_list_interfaces
[9.908s] -- Up-to-date: /tareeq/install/isaac_ros_tensor_list_interfaces/include/isaac_ros_tensor_list_interfaces/isaac_ros_tensor_list_interfaces/msg
[9.908s] -- Up-to-date: /tareeq/install/isaac_ros_tensor_list_interfaces/include/isaac_ros_tensor_list_interfaces/isaac_ros_tensor_list_interfaces/msg/detail
[9.909s] -- Installing: /tareeq/install/isaac_ros_tensor_list_interfaces/include/isaac_ros_tensor_list_interfaces/isaac_ros_tensor_list_interfaces/msg/detail/tensor_list__rosidl_typesupport_fastrtps_c.h
[9.909s] -- Installing: /tareeq/install/isaac_ros_tensor_list_interfaces/include/isaac_ros_tensor_list_interfaces/isaac_ros_tensor_list_interfaces/msg/detail/tensor_shape__rosidl_typesupport_fastrtps_c.h
[9.909s] -- Installing: /tareeq/install/isaac_ros_tensor_list_interfaces/include/isaac_ros_tensor_list_interfaces/isaac_ros_tensor_list_interfaces/msg/detail/tensor__rosidl_typesupport_fastrtps_c.h
[9.909s] -- Installing: /tareeq/install/isaac_ros_tensor_list_interfaces/include/isaac_ros_tensor_list_interfaces/isaac_ros_tensor_list_interfaces/msg/rosidl_typesupport_fastrtps_c__visibility_control.h
[9.909s] -- Installing: /tareeq/install/isaac_ros_tensor_list_interfaces/lib/libisaac_ros_tensor_list_interfaces__rosidl_typesupport_fastrtps_c.so
[9.910s] -- Set non-toolchain portion of runtime path of "/tareeq/install/isaac_ros_tensor_list_interfaces/lib/libisaac_ros_tensor_list_interfaces__rosidl_typesupport_fastrtps_c.so" to ""
[9.910s] -- Up-to-date: /tareeq/install/isaac_ros_tensor_list_interfaces/include/isaac_ros_tensor_list_interfaces/isaac_ros_tensor_list_interfaces
[9.910s] -- Up-to-date: /tareeq/install/isaac_ros_tensor_list_interfaces/include/isaac_ros_tensor_list_interfaces/isaac_ros_tensor_list_interfaces/msg
[9.910s] -- Up-to-date: /tareeq/install/isaac_ros_tensor_list_interfaces/include/isaac_ros_tensor_list_interfaces/isaac_ros_tensor_list_interfaces/msg/detail
[9.910s] -- Installing: /tareeq/install/isaac_ros_tensor_list_interfaces/include/isaac_ros_tensor_list_interfaces/isaac_ros_tensor_list_interfaces/msg/detail/tensor__builder.hpp
[9.910s] -- Installing: /tareeq/install/isaac_ros_tensor_list_interfaces/include/isaac_ros_tensor_list_interfaces/isaac_ros_tensor_list_interfaces/msg/detail/tensor_shape__struct.hpp
[9.910s] -- Installing: /tareeq/install/isaac_ros_tensor_list_interfaces/include/isaac_ros_tensor_list_interfaces/isaac_ros_tensor_list_interfaces/msg/detail/tensor_shape__builder.hpp
[9.910s] -- Installing: /tareeq/install/isaac_ros_tensor_list_interfaces/include/isaac_ros_tensor_list_interfaces/isaac_ros_tensor_list_interfaces/msg/detail/tensor__traits.hpp
[9.911s] -- Installing: /tareeq/install/isaac_ros_tensor_list_interfaces/include/isaac_ros_tensor_list_interfaces/isaac_ros_tensor_list_interfaces/msg/detail/tensor_shape__traits.hpp
[9.911s] -- Installing: /tareeq/install/isaac_ros_tensor_list_interfaces/include/isaac_ros_tensor_list_interfaces/isaac_ros_tensor_list_interfaces/msg/detail/tensor_list__traits.hpp
[9.911s] -- Installing: /tareeq/install/isaac_ros_tensor_list_interfaces/include/isaac_ros_tensor_list_interfaces/isaac_ros_tensor_list_interfaces/msg/detail/tensor_list__struct.hpp
[9.911s] -- Installing: /tareeq/install/isaac_ros_tensor_list_interfaces/include/isaac_ros_tensor_list_interfaces/isaac_ros_tensor_list_interfaces/msg/detail/tensor_list__builder.hpp
[9.911s] -- Installing: /tareeq/install/isaac_ros_tensor_list_interfaces/include/isaac_ros_tensor_list_interfaces/isaac_ros_tensor_list_interfaces/msg/detail/tensor__struct.hpp
[9.912s] -- Installing: /tareeq/install/isaac_ros_tensor_list_interfaces/include/isaac_ros_tensor_list_interfaces/isaac_ros_tensor_list_interfaces/msg/tensor_shape.hpp
[9.912s] -- Installing: /tareeq/install/isaac_ros_tensor_list_interfaces/include/isaac_ros_tensor_list_interfaces/isaac_ros_tensor_list_interfaces/msg/tensor_list.hpp
[9.912s] -- Installing: /tareeq/install/isaac_ros_tensor_list_interfaces/include/isaac_ros_tensor_list_interfaces/isaac_ros_tensor_list_interfaces/msg/tensor.hpp
[9.912s] -- Up-to-date: /tareeq/install/isaac_ros_tensor_list_interfaces/include/isaac_ros_tensor_list_interfaces/isaac_ros_tensor_list_interfaces
[9.912s] -- Up-to-date: /tareeq/install/isaac_ros_tensor_list_interfaces/include/isaac_ros_tensor_list_interfaces/isaac_ros_tensor_list_interfaces/msg
[9.912s] -- Up-to-date: /tareeq/install/isaac_ros_tensor_list_interfaces/include/isaac_ros_tensor_list_interfaces/isaac_ros_tensor_list_interfaces/msg/detail
[9.912s] -- Installing: /tareeq/install/isaac_ros_tensor_list_interfaces/include/isaac_ros_tensor_list_interfaces/isaac_ros_tensor_list_interfaces/msg/detail/dds_fastrtps
[9.913s] -- Installing: /tareeq/install/isaac_ros_tensor_list_interfaces/include/isaac_ros_tensor_list_interfaces/isaac_ros_tensor_list_interfaces/msg/detail/tensor__rosidl_typesupport_fastrtps_cpp.hpp
[9.913s] -- Installing: /tareeq/install/isaac_ros_tensor_list_interfaces/include/isaac_ros_tensor_list_interfaces/isaac_ros_tensor_list_interfaces/msg/detail/tensor_list__rosidl_typesupport_fastrtps_cpp.hpp
[9.913s] -- Installing: /tareeq/install/isaac_ros_tensor_list_interfaces/include/isaac_ros_tensor_list_interfaces/isaac_ros_tensor_list_interfaces/msg/detail/tensor_shape__rosidl_typesupport_fastrtps_cpp.hpp
[9.913s] -- Installing: /tareeq/install/isaac_ros_tensor_list_interfaces/include/isaac_ros_tensor_list_interfaces/isaac_ros_tensor_list_interfaces/msg/rosidl_typesupport_fastrtps_cpp__visibility_control.h
[9.913s] -- Installing: /tareeq/install/isaac_ros_tensor_list_interfaces/lib/libisaac_ros_tensor_list_interfaces__rosidl_typesupport_fastrtps_cpp.so
[9.914s] -- Set non-toolchain portion of runtime path of "/tareeq/install/isaac_ros_tensor_list_interfaces/lib/libisaac_ros_tensor_list_interfaces__rosidl_typesupport_fastrtps_cpp.so" to ""
[9.914s] -- Up-to-date: /tareeq/install/isaac_ros_tensor_list_interfaces/include/isaac_ros_tensor_list_interfaces/isaac_ros_tensor_list_interfaces
[9.914s] -- Up-to-date: /tareeq/install/isaac_ros_tensor_list_interfaces/include/isaac_ros_tensor_list_interfaces/isaac_ros_tensor_list_interfaces/msg
[9.914s] -- Up-to-date: /tareeq/install/isaac_ros_tensor_list_interfaces/include/isaac_ros_tensor_list_interfaces/isaac_ros_tensor_list_interfaces/msg/detail
[9.914s] -- Installing: /tareeq/install/isaac_ros_tensor_list_interfaces/include/isaac_ros_tensor_list_interfaces/isaac_ros_tensor_list_interfaces/msg/detail/tensor_list__rosidl_typesupport_introspection_c.h
[9.914s] -- Installing: /tareeq/install/isaac_ros_tensor_list_interfaces/include/isaac_ros_tensor_list_interfaces/isaac_ros_tensor_list_interfaces/msg/detail/tensor_shape__type_support.c
[9.914s] -- Installing: /tareeq/install/isaac_ros_tensor_list_interfaces/include/isaac_ros_tensor_list_interfaces/isaac_ros_tensor_list_interfaces/msg/detail/tensor_shape__rosidl_typesupport_introspection_c.h
[9.915s] -- Installing: /tareeq/install/isaac_ros_tensor_list_interfaces/include/isaac_ros_tensor_list_interfaces/isaac_ros_tensor_list_interfaces/msg/detail/tensor_list__type_support.c
[9.915s] -- Installing: /tareeq/install/isaac_ros_tensor_list_interfaces/include/isaac_ros_tensor_list_interfaces/isaac_ros_tensor_list_interfaces/msg/detail/tensor__type_support.c
[9.915s] -- Installing: /tareeq/install/isaac_ros_tensor_list_interfaces/include/isaac_ros_tensor_list_interfaces/isaac_ros_tensor_list_interfaces/msg/detail/tensor__rosidl_typesupport_introspection_c.h
[9.916s] -- Installing: /tareeq/install/isaac_ros_tensor_list_interfaces/include/isaac_ros_tensor_list_interfaces/isaac_ros_tensor_list_interfaces/msg/rosidl_typesupport_introspection_c__visibility_control.h
[9.916s] -- Installing: /tareeq/install/isaac_ros_tensor_list_interfaces/lib/libisaac_ros_tensor_list_interfaces__rosidl_typesupport_introspection_c.so
[9.916s] -- Set non-toolchain portion of runtime path of "/tareeq/install/isaac_ros_tensor_list_interfaces/lib/libisaac_ros_tensor_list_interfaces__rosidl_typesupport_introspection_c.so" to ""
[9.917s] -- Installing: /tareeq/install/isaac_ros_tensor_list_interfaces/lib/libisaac_ros_tensor_list_interfaces__rosidl_typesupport_c.so
[9.917s] -- Set non-toolchain portion of runtime path of "/tareeq/install/isaac_ros_tensor_list_interfaces/lib/libisaac_ros_tensor_list_interfaces__rosidl_typesupport_c.so" to ""
[9.917s] -- Up-to-date: /tareeq/install/isaac_ros_tensor_list_interfaces/include/isaac_ros_tensor_list_interfaces/isaac_ros_tensor_list_interfaces
[9.917s] -- Up-to-date: /tareeq/install/isaac_ros_tensor_list_interfaces/include/isaac_ros_tensor_list_interfaces/isaac_ros_tensor_list_interfaces/msg
[9.918s] -- Up-to-date: /tareeq/install/isaac_ros_tensor_list_interfaces/include/isaac_ros_tensor_list_interfaces/isaac_ros_tensor_list_interfaces/msg/detail
[9.918s] -- Installing: /tareeq/install/isaac_ros_tensor_list_interfaces/include/isaac_ros_tensor_list_interfaces/isaac_ros_tensor_list_interfaces/msg/detail/tensor_list__type_support.cpp
[9.918s] -- Installing: /tareeq/install/isaac_ros_tensor_list_interfaces/include/isaac_ros_tensor_list_interfaces/isaac_ros_tensor_list_interfaces/msg/detail/tensor__rosidl_typesupport_introspection_cpp.hpp
[9.918s] -- Installing: /tareeq/install/isaac_ros_tensor_list_interfaces/include/isaac_ros_tensor_list_interfaces/isaac_ros_tensor_list_interfaces/msg/detail/tensor__type_support.cpp
[9.918s] -- Installing: /tareeq/install/isaac_ros_tensor_list_interfaces/include/isaac_ros_tensor_list_interfaces/isaac_ros_tensor_list_interfaces/msg/detail/tensor_list__rosidl_typesupport_introspection_cpp.hpp
[9.918s] -- Installing: /tareeq/install/isaac_ros_tensor_list_interfaces/include/isaac_ros_tensor_list_interfaces/isaac_ros_tensor_list_interfaces/msg/detail/tensor_shape__rosidl_typesupport_introspection_cpp.hpp
[9.918s] -- Installing: /tareeq/install/isaac_ros_tensor_list_interfaces/include/isaac_ros_tensor_list_interfaces/isaac_ros_tensor_list_interfaces/msg/detail/tensor_shape__type_support.cpp
[9.918s] -- Installing: /tareeq/install/isaac_ros_tensor_list_interfaces/lib/libisaac_ros_tensor_list_interfaces__rosidl_typesupport_introspection_cpp.so
[9.919s] -- Set non-toolchain portion of runtime path of "/tareeq/install/isaac_ros_tensor_list_interfaces/lib/libisaac_ros_tensor_list_interfaces__rosidl_typesupport_introspection_cpp.so" to ""
[9.919s] -- Installing: /tareeq/install/isaac_ros_tensor_list_interfaces/lib/libisaac_ros_tensor_list_interfaces__rosidl_typesupport_cpp.so
[9.920s] -- Set non-toolchain portion of runtime path of "/tareeq/install/isaac_ros_tensor_list_interfaces/lib/libisaac_ros_tensor_list_interfaces__rosidl_typesupport_cpp.so" to ""
[9.920s] -- Installing: /tareeq/install/isaac_ros_tensor_list_interfaces/share/isaac_ros_tensor_list_interfaces/environment/pythonpath.sh
[9.920s] -- Installing: /tareeq/install/isaac_ros_tensor_list_interfaces/share/isaac_ros_tensor_list_interfaces/environment/pythonpath.dsv
[9.920s] -- Installing: /tareeq/install/isaac_ros_tensor_list_interfaces/lib/python3.8/site-packages/isaac_ros_tensor_list_interfaces-2.1.0-py3.8.egg-info
[9.920s] -- Installing: /tareeq/install/isaac_ros_tensor_list_interfaces/lib/python3.8/site-packages/isaac_ros_tensor_list_interfaces-2.1.0-py3.8.egg-info/top_level.txt
[9.920s] -- Installing: /tareeq/install/isaac_ros_tensor_list_interfaces/lib/python3.8/site-packages/isaac_ros_tensor_list_interfaces-2.1.0-py3.8.egg-info/PKG-INFO
[9.920s] -- Installing: /tareeq/install/isaac_ros_tensor_list_interfaces/lib/python3.8/site-packages/isaac_ros_tensor_list_interfaces-2.1.0-py3.8.egg-info/dependency_links.txt
[9.921s] -- Installing: /tareeq/install/isaac_ros_tensor_list_interfaces/lib/python3.8/site-packages/isaac_ros_tensor_list_interfaces-2.1.0-py3.8.egg-info/SOURCES.txt
[9.921s] -- Installing: /tareeq/install/isaac_ros_tensor_list_interfaces/lib/python3.8/site-packages/isaac_ros_tensor_list_interfaces
[9.921s] -- Installing: /tareeq/install/isaac_ros_tensor_list_interfaces/lib/python3.8/site-packages/isaac_ros_tensor_list_interfaces/__init__.py
[9.921s] -- Installing: /tareeq/install/isaac_ros_tensor_list_interfaces/lib/python3.8/site-packages/isaac_ros_tensor_list_interfaces/isaac_ros_tensor_list_interfaces_s__rosidl_typesupport_introspection_c.cpython-38-x86_64-linux-gnu.so
[9.921s] -- Installing: /tareeq/install/isaac_ros_tensor_list_interfaces/lib/python3.8/site-packages/isaac_ros_tensor_list_interfaces/isaac_ros_tensor_list_interfaces_s__rosidl_typesupport_c.cpython-38-x86_64-linux-gnu.so
[9.922s] -- Installing: /tareeq/install/isaac_ros_tensor_list_interfaces/lib/python3.8/site-packages/isaac_ros_tensor_list_interfaces/_isaac_ros_tensor_list_interfaces_s.ep.rosidl_typesupport_c.c
[9.922s] -- Installing: /tareeq/install/isaac_ros_tensor_list_interfaces/lib/python3.8/site-packages/isaac_ros_tensor_list_interfaces/_isaac_ros_tensor_list_interfaces_s.ep.rosidl_typesupport_introspection_c.c
[9.922s] -- Installing: /tareeq/install/isaac_ros_tensor_list_interfaces/lib/python3.8/site-packages/isaac_ros_tensor_list_interfaces/isaac_ros_tensor_list_interfaces_s__rosidl_typesupport_fastrtps_c.cpython-38-x86_64-linux-gnu.so
[9.923s] -- Installing: /tareeq/install/isaac_ros_tensor_list_interfaces/lib/python3.8/site-packages/isaac_ros_tensor_list_interfaces/libisaac_ros_tensor_list_interfaces__rosidl_generator_py.so
[9.923s] -- Installing: /tareeq/install/isaac_ros_tensor_list_interfaces/lib/python3.8/site-packages/isaac_ros_tensor_list_interfaces/msg
[9.923s] -- Installing: /tareeq/install/isaac_ros_tensor_list_interfaces/lib/python3.8/site-packages/isaac_ros_tensor_list_interfaces/msg/_tensor_shape_s.c
[9.923s] -- Installing: /tareeq/install/isaac_ros_tensor_list_interfaces/lib/python3.8/site-packages/isaac_ros_tensor_list_interfaces/msg/__init__.py
[9.923s] -- Installing: /tareeq/install/isaac_ros_tensor_list_interfaces/lib/python3.8/site-packages/isaac_ros_tensor_list_interfaces/msg/_tensor_shape.py
[9.924s] -- Installing: /tareeq/install/isaac_ros_tensor_list_interfaces/lib/python3.8/site-packages/isaac_ros_tensor_list_interfaces/msg/_tensor_list.py
[9.924s] -- Installing: /tareeq/install/isaac_ros_tensor_list_interfaces/lib/python3.8/site-packages/isaac_ros_tensor_list_interfaces/msg/_tensor.py
[9.924s] -- Installing: /tareeq/install/isaac_ros_tensor_list_interfaces/lib/python3.8/site-packages/isaac_ros_tensor_list_interfaces/msg/_tensor_s.c
[9.924s] -- Installing: /tareeq/install/isaac_ros_tensor_list_interfaces/lib/python3.8/site-packages/isaac_ros_tensor_list_interfaces/msg/_tensor_list_s.c
[9.925s] -- Installing: /tareeq/install/isaac_ros_tensor_list_interfaces/lib/python3.8/site-packages/isaac_ros_tensor_list_interfaces/_isaac_ros_tensor_list_interfaces_s.ep.rosidl_typesupport_fastrtps_c.c
[9.953s] Listing '/tareeq/install/isaac_ros_tensor_list_interfaces/lib/python3.8/site-packages/isaac_ros_tensor_list_interfaces'...
[9.954s] Compiling '/tareeq/install/isaac_ros_tensor_list_interfaces/lib/python3.8/site-packages/isaac_ros_tensor_list_interfaces/__init__.py'...
[9.954s] Listing '/tareeq/install/isaac_ros_tensor_list_interfaces/lib/python3.8/site-packages/isaac_ros_tensor_list_interfaces/msg'...
[9.954s] Compiling '/tareeq/install/isaac_ros_tensor_list_interfaces/lib/python3.8/site-packages/isaac_ros_tensor_list_interfaces/msg/__init__.py'...
[9.954s] Compiling '/tareeq/install/isaac_ros_tensor_list_interfaces/lib/python3.8/site-packages/isaac_ros_tensor_list_interfaces/msg/_tensor.py'...
[9.954s] Compiling '/tareeq/install/isaac_ros_tensor_list_interfaces/lib/python3.8/site-packages/isaac_ros_tensor_list_interfaces/msg/_tensor_list.py'...
[9.954s] Compiling '/tareeq/install/isaac_ros_tensor_list_interfaces/lib/python3.8/site-packages/isaac_ros_tensor_list_interfaces/msg/_tensor_shape.py'...
[9.957s] -- Installing: /tareeq/install/isaac_ros_tensor_list_interfaces/lib/python3.8/site-packages/isaac_ros_tensor_list_interfaces/isaac_ros_tensor_list_interfaces_s__rosidl_typesupport_fastrtps_c.cpython-38-x86_64-linux-gnu.so
[9.958s] -- Set non-toolchain portion of runtime path of "/tareeq/install/isaac_ros_tensor_list_interfaces/lib/python3.8/site-packages/isaac_ros_tensor_list_interfaces/isaac_ros_tensor_list_interfaces_s__rosidl_typesupport_fastrtps_c.cpython-38-x86_64-linux-gnu.so" to ""
[9.958s] -- Installing: /tareeq/install/isaac_ros_tensor_list_interfaces/lib/python3.8/site-packages/isaac_ros_tensor_list_interfaces/isaac_ros_tensor_list_interfaces_s__rosidl_typesupport_introspection_c.cpython-38-x86_64-linux-gnu.so
[9.959s] -- Set non-toolchain portion of runtime path of "/tareeq/install/isaac_ros_tensor_list_interfaces/lib/python3.8/site-packages/isaac_ros_tensor_list_interfaces/isaac_ros_tensor_list_interfaces_s__rosidl_typesupport_introspection_c.cpython-38-x86_64-linux-gnu.so" to ""
[9.959s] -- Installing: /tareeq/install/isaac_ros_tensor_list_interfaces/lib/python3.8/site-packages/isaac_ros_tensor_list_interfaces/isaac_ros_tensor_list_interfaces_s__rosidl_typesupport_c.cpython-38-x86_64-linux-gnu.so
[9.960s] -- Set non-toolchain portion of runtime path of "/tareeq/install/isaac_ros_tensor_list_interfaces/lib/python3.8/site-packages/isaac_ros_tensor_list_interfaces/isaac_ros_tensor_list_interfaces_s__rosidl_typesupport_c.cpython-38-x86_64-linux-gnu.so" to ""
[9.960s] -- Installing: /tareeq/install/isaac_ros_tensor_list_interfaces/lib/libisaac_ros_tensor_list_interfaces__rosidl_generator_py.so
[9.961s] -- Set non-toolchain portion of runtime path of "/tareeq/install/isaac_ros_tensor_list_interfaces/lib/libisaac_ros_tensor_list_interfaces__rosidl_generator_py.so" to ""
[9.961s] -- Installing: /tareeq/install/isaac_ros_tensor_list_interfaces/share/isaac_ros_tensor_list_interfaces/msg/TensorShape.idl
[9.961s] -- Installing: /tareeq/install/isaac_ros_tensor_list_interfaces/share/isaac_ros_tensor_list_interfaces/msg/Tensor.idl
[9.961s] -- Installing: /tareeq/install/isaac_ros_tensor_list_interfaces/share/isaac_ros_tensor_list_interfaces/msg/TensorList.idl
[9.962s] -- Installing: /tareeq/install/isaac_ros_tensor_list_interfaces/share/isaac_ros_tensor_list_interfaces/msg/TensorShape.msg
[9.962s] -- Installing: /tareeq/install/isaac_ros_tensor_list_interfaces/share/isaac_ros_tensor_list_interfaces/msg/Tensor.msg
[9.962s] -- Installing: /tareeq/install/isaac_ros_tensor_list_interfaces/share/isaac_ros_tensor_list_interfaces/msg/TensorList.msg
[9.963s] -- Installing: /tareeq/install/isaac_ros_tensor_list_interfaces/share/ament_index/resource_index/package_run_dependencies/isaac_ros_tensor_list_interfaces
[9.963s] -- Installing: /tareeq/install/isaac_ros_tensor_list_interfaces/share/ament_index/resource_index/parent_prefix_path/isaac_ros_tensor_list_interfaces
[9.963s] -- Installing: /tareeq/install/isaac_ros_tensor_list_interfaces/share/isaac_ros_tensor_list_interfaces/environment/ament_prefix_path.sh
[9.963s] -- Installing: /tareeq/install/isaac_ros_tensor_list_interfaces/share/isaac_ros_tensor_list_interfaces/environment/ament_prefix_path.dsv
[9.964s] -- Installing: /tareeq/install/isaac_ros_tensor_list_interfaces/share/isaac_ros_tensor_list_interfaces/environment/path.sh
[9.964s] -- Installing: /tareeq/install/isaac_ros_tensor_list_interfaces/share/isaac_ros_tensor_list_interfaces/environment/path.dsv
[9.964s] -- Installing: /tareeq/install/isaac_ros_tensor_list_interfaces/share/isaac_ros_tensor_list_interfaces/local_setup.bash
[9.965s] -- Installing: /tareeq/install/isaac_ros_tensor_list_interfaces/share/isaac_ros_tensor_list_interfaces/local_setup.sh
[9.965s] -- Installing: /tareeq/install/isaac_ros_tensor_list_interfaces/share/isaac_ros_tensor_list_interfaces/local_setup.zsh
[9.965s] -- Installing: /tareeq/install/isaac_ros_tensor_list_interfaces/share/isaac_ros_tensor_list_interfaces/local_setup.dsv
[9.966s] -- Installing: /tareeq/install/isaac_ros_tensor_list_interfaces/share/isaac_ros_tensor_list_interfaces/package.dsv
[9.966s] -- Installing: /tareeq/install/isaac_ros_tensor_list_interfaces/share/ament_index/resource_index/packages/isaac_ros_tensor_list_interfaces
[9.966s] -- Installing: /tareeq/install/isaac_ros_tensor_list_interfaces/share/isaac_ros_tensor_list_interfaces/cmake/export_isaac_ros_tensor_list_interfaces__rosidl_generator_cExport.cmake
[9.967s] -- Installing: /tareeq/install/isaac_ros_tensor_list_interfaces/share/isaac_ros_tensor_list_interfaces/cmake/export_isaac_ros_tensor_list_interfaces__rosidl_generator_cExport-release.cmake
[9.967s] -- Installing: /tareeq/install/isaac_ros_tensor_list_interfaces/share/isaac_ros_tensor_list_interfaces/cmake/export_isaac_ros_tensor_list_interfaces__rosidl_typesupport_fastrtps_cExport.cmake
[9.968s] -- Installing: /tareeq/install/isaac_ros_tensor_list_interfaces/share/isaac_ros_tensor_list_interfaces/cmake/export_isaac_ros_tensor_list_interfaces__rosidl_typesupport_fastrtps_cExport-release.cmake
[9.968s] -- Installing: /tareeq/install/isaac_ros_tensor_list_interfaces/share/isaac_ros_tensor_list_interfaces/cmake/export_isaac_ros_tensor_list_interfaces__rosidl_generator_cppExport.cmake
[9.968s] -- Installing: /tareeq/install/isaac_ros_tensor_list_interfaces/share/isaac_ros_tensor_list_interfaces/cmake/export_isaac_ros_tensor_list_interfaces__rosidl_typesupport_fastrtps_cppExport.cmake
[9.969s] -- Installing: /tareeq/install/isaac_ros_tensor_list_interfaces/share/isaac_ros_tensor_list_interfaces/cmake/export_isaac_ros_tensor_list_interfaces__rosidl_typesupport_fastrtps_cppExport-release.cmake
[9.969s] -- Installing: /tareeq/install/isaac_ros_tensor_list_interfaces/share/isaac_ros_tensor_list_interfaces/cmake/isaac_ros_tensor_list_interfaces__rosidl_typesupport_introspection_cExport.cmake
[9.969s] -- Installing: /tareeq/install/isaac_ros_tensor_list_interfaces/share/isaac_ros_tensor_list_interfaces/cmake/isaac_ros_tensor_list_interfaces__rosidl_typesupport_introspection_cExport-release.cmake
[9.970s] -- Installing: /tareeq/install/isaac_ros_tensor_list_interfaces/share/isaac_ros_tensor_list_interfaces/cmake/isaac_ros_tensor_list_interfaces__rosidl_typesupport_cExport.cmake
[9.970s] -- Installing: /tareeq/install/isaac_ros_tensor_list_interfaces/share/isaac_ros_tensor_list_interfaces/cmake/isaac_ros_tensor_list_interfaces__rosidl_typesupport_cExport-release.cmake
[9.970s] -- Installing: /tareeq/install/isaac_ros_tensor_list_interfaces/share/isaac_ros_tensor_list_interfaces/cmake/isaac_ros_tensor_list_interfaces__rosidl_typesupport_introspection_cppExport.cmake
[9.970s] -- Installing: /tareeq/install/isaac_ros_tensor_list_interfaces/share/isaac_ros_tensor_list_interfaces/cmake/isaac_ros_tensor_list_interfaces__rosidl_typesupport_introspection_cppExport-release.cmake
[9.971s] -- Installing: /tareeq/install/isaac_ros_tensor_list_interfaces/share/isaac_ros_tensor_list_interfaces/cmake/isaac_ros_tensor_list_interfaces__rosidl_typesupport_cppExport.cmake
[9.971s] -- Installing: /tareeq/install/isaac_ros_tensor_list_interfaces/share/isaac_ros_tensor_list_interfaces/cmake/isaac_ros_tensor_list_interfaces__rosidl_typesupport_cppExport-release.cmake
[9.971s] -- Installing: /tareeq/install/isaac_ros_tensor_list_interfaces/share/isaac_ros_tensor_list_interfaces/cmake/export_isaac_ros_tensor_list_interfaces__rosidl_generator_pyExport.cmake
[9.971s] -- Installing: /tareeq/install/isaac_ros_tensor_list_interfaces/share/isaac_ros_tensor_list_interfaces/cmake/export_isaac_ros_tensor_list_interfaces__rosidl_generator_pyExport-release.cmake
[9.971s] -- Installing: /tareeq/install/isaac_ros_tensor_list_interfaces/share/isaac_ros_tensor_list_interfaces/cmake/rosidl_cmake-extras.cmake
[9.972s] -- Installing: /tareeq/install/isaac_ros_tensor_list_interfaces/share/isaac_ros_tensor_list_interfaces/cmake/ament_cmake_export_dependencies-extras.cmake
[9.972s] -- Installing: /tareeq/install/isaac_ros_tensor_list_interfaces/share/isaac_ros_tensor_list_interfaces/cmake/ament_cmake_export_include_directories-extras.cmake
[9.972s] -- Installing: /tareeq/install/isaac_ros_tensor_list_interfaces/share/isaac_ros_tensor_list_interfaces/cmake/ament_cmake_export_libraries-extras.cmake
[9.972s] -- Installing: /tareeq/install/isaac_ros_tensor_list_interfaces/share/isaac_ros_tensor_list_interfaces/cmake/ament_cmake_export_targets-extras.cmake
[9.972s] -- Installing: /tareeq/install/isaac_ros_tensor_list_interfaces/share/isaac_ros_tensor_list_interfaces/cmake/rosidl_cmake_export_typesupport_targets-extras.cmake
[9.973s] -- Installing: /tareeq/install/isaac_ros_tensor_list_interfaces/share/isaac_ros_tensor_list_interfaces/cmake/rosidl_cmake_export_typesupport_libraries-extras.cmake
[9.973s] -- Installing: /tareeq/install/isaac_ros_tensor_list_interfaces/share/isaac_ros_tensor_list_interfaces/cmake/isaac_ros_tensor_list_interfacesConfig.cmake
[9.973s] -- Installing: /tareeq/install/isaac_ros_tensor_list_interfaces/share/isaac_ros_tensor_list_interfaces/cmake/isaac_ros_tensor_list_interfacesConfig-version.cmake
[9.973s] -- Installing: /tareeq/install/isaac_ros_tensor_list_interfaces/share/isaac_ros_tensor_list_interfaces/package.xml
[9.975s] Invoked command in '/tareeq/build/isaac_ros_tensor_list_interfaces' returned '0': AMENT_PREFIX_PATH=/tareeq/install/isaac_ros_common:${AMENT_PREFIX_PATH} CMAKE_PREFIX_PATH=/tareeq/install/isaac_ros_common:/opt/ros/humble LD_LIBRARY_PATH=/tareeq/install/isaac_ros_common/lib:${LD_LIBRARY_PATH} _=/usr/bin/env /usr/bin/cmake --install /tareeq/build/isaac_ros_tensor_list_interfaces
