-- The C compiler identification is GNU 9.4.0
-- The CXX compiler identification is GNU 9.4.0
-- Detecting C compiler ABI info
-- Detecting C compiler ABI info - done
-- Check for working C compiler: /usr/bin/cc - skipped
-- Detecting C compile features
-- Detecting C compile features - done
-- Detecting CXX compiler ABI info
-- Detecting CXX compiler ABI info - done
-- Check for working CXX compiler: /usr/bin/c++ - skipped
-- Detecting CXX compile features
-- Detecting CXX compile features - done
-- Found ament_cmake_auto: 1.3.6 (/opt/ros/humble/share/ament_cmake_auto/cmake)
-- Found Python3: /usr/bin/python3.8 (found version "3.8.10") found components: Interpreter
-- Using all available rosidl_typesupport_c: rosidl_typesupport_fastrtps_c;rosidl_typesupport_introspection_c
-- Found rosidl_adapter: 3.1.5 (/opt/ros/humble/share/rosidl_adapter/cmake)
-- Using all available rosidl_typesupport_cpp: rosidl_typesupport_fastrtps_cpp;rosidl_typesupport_introspection_cpp
-- Loading isaac_ros_common extras
-- CMAKE_BUILD_TYPE: Release
-- Performing Test CMAKE_HAVE_LIBC_PTHREAD
-- Performing Test CMAKE_HAVE_LIBC_PTHREAD - Failed
-- Looking for pthread_create in pthreads
-- Looking for pthread_create in pthreads - not found
-- Looking for pthread_create in pthread
-- Looking for pthread_create in pthread - found
-- Found Threads: TRUE
-- Found CUDA: /usr/local/cuda (found version "11.8")
-- Loading isaac_ros_common extras (modules)
-- Found rmw_implementation_cmake: 6.1.1 (/opt/ros/humble/share/rmw_implementation_cmake/cmake)
-- Found rmw_fastrtps_cpp: 6.2.5 (/opt/ros/humble/share/rmw_fastrtps_cpp/cmake)
-- Found OpenSSL: /usr/lib/x86_64-linux-gnu/libcrypto.so (found version "1.1.1f")
-- Found FastRTPS: /opt/ros/humble/include
-- Using RMW implementation 'rmw_fastrtps_cpp' as default
-- Found ament_cmake_ros: 0.10.0 (/opt/ros/humble/share/ament_cmake_ros/cmake)
-- Using all available rosidl_typesupport_c: rosidl_typesupport_fastrtps_c;rosidl_typesupport_introspection_c
-- Using all available rosidl_typesupport_cpp: rosidl_typesupport_fastrtps_cpp;rosidl_typesupport_introspection_cpp
-- Found PythonInterp: /usr/bin/python3 (found suitable version "3.8.10", minimum required is "3.6")
-- Found python_cmake_module: 0.10.0 (/opt/ros/humble/share/python_cmake_module/cmake)
-- Found PythonLibs: /usr/lib/x86_64-linux-gnu/libpython3.8.so (found suitable version "3.8.10", minimum required is "3.5")
-- Using PYTHON_EXECUTABLE: /usr/bin/python3
-- Using PYTHON_INCLUDE_DIRS: /usr/include/python3.8
-- Using PYTHON_LIBRARIES: /usr/lib/x86_64-linux-gnu/libpython3.8.so
-- Found PythonExtra: .so
-- Found ament_lint_auto: 0.12.9 (/opt/ros/humble/share/ament_lint_auto/cmake)
-- Added test 'lint_cmake' to check CMake code style
-- Added test 'xmllint' to check XML markup files
-- Configuring done (5.7s)
-- Generating done (0.0s)
-- Build files have been written to: /tareeq/build/isaac_ros_pointcloud_interfaces
[1/33] cd /tareeq/build/isaac_ros_pointcloud_interfaces && /usr/bin/cmake -E copy_directory /tareeq/build/isaac_ros_pointcloud_interfaces/rosidl_generator_py/isaac_ros_pointcloud_interfaces /tareeq/build/isaac_ros_pointcloud_interfaces/ament_cmake_python/isaac_ros_pointcloud_interfaces/isaac_ros_pointcloud_interfaces
[2/33] Generating C++ code for ROS interfaces
[3/33] Generating C code for ROS interfaces
[4/33] Building C object CMakeFiles/isaac_ros_pointcloud_interfaces__rosidl_generator_c.dir/rosidl_generator_c/isaac_ros_pointcloud_interfaces/msg/detail/flat_scan__functions.c.o
[5/33] cd /tareeq/build/isaac_ros_pointcloud_interfaces/ament_cmake_python/isaac_ros_pointcloud_interfaces && /usr/bin/python3.8 setup.py egg_info
running egg_info
creating isaac_ros_pointcloud_interfaces.egg-info
writing isaac_ros_pointcloud_interfaces.egg-info/PKG-INFO
writing dependency_links to isaac_ros_pointcloud_interfaces.egg-info/dependency_links.txt
writing top-level names to isaac_ros_pointcloud_interfaces.egg-info/top_level.txt
writing manifest file 'isaac_ros_pointcloud_interfaces.egg-info/SOURCES.txt'
reading manifest file 'isaac_ros_pointcloud_interfaces.egg-info/SOURCES.txt'
writing manifest file 'isaac_ros_pointcloud_interfaces.egg-info/SOURCES.txt'
[6/33] Linking C shared library libisaac_ros_pointcloud_interfaces__rosidl_generator_c.so
[7/33] Generating C++ type support dispatch for ROS interfaces
[8/33] Generating C++ introspection for ROS interfaces
[9/33] Generating C++ type support for eProsima Fast-RTPS
[10/33] Generating C type support for eProsima Fast-RTPS
[11/33] Generating C type support dispatch for ROS interfaces
[12/33] Generating C introspection for ROS interfaces
[13/33] Building CXX object CMakeFiles/isaac_ros_pointcloud_interfaces__rosidl_typesupport_c.dir/rosidl_typesupport_c/isaac_ros_pointcloud_interfaces/msg/flat_scan__type_support.cpp.o
[14/33] Building CXX object CMakeFiles/isaac_ros_pointcloud_interfaces__rosidl_typesupport_cpp.dir/rosidl_typesupport_cpp/isaac_ros_pointcloud_interfaces/msg/flat_scan__type_support.cpp.o
[15/33] Building C object CMakeFiles/isaac_ros_pointcloud_interfaces__rosidl_typesupport_introspection_c.dir/rosidl_typesupport_introspection_c/isaac_ros_pointcloud_interfaces/msg/detail/flat_scan__type_support.c.o
[16/33] Linking CXX shared library libisaac_ros_pointcloud_interfaces__rosidl_typesupport_c.so
[17/33] Linking C shared library libisaac_ros_pointcloud_interfaces__rosidl_typesupport_introspection_c.so
[18/33] Linking CXX shared library libisaac_ros_pointcloud_interfaces__rosidl_typesupport_cpp.so
[19/33] Building CXX object CMakeFiles/isaac_ros_pointcloud_interfaces__rosidl_typesupport_introspection_cpp.dir/rosidl_typesupport_introspection_cpp/isaac_ros_pointcloud_interfaces/msg/detail/flat_scan__type_support.cpp.o
[20/33] Building CXX object CMakeFiles/isaac_ros_pointcloud_interfaces__rosidl_typesupport_fastrtps_cpp.dir/rosidl_typesupport_fastrtps_cpp/isaac_ros_pointcloud_interfaces/msg/detail/dds_fastrtps/flat_scan__type_support.cpp.o
[21/33] Linking CXX shared library libisaac_ros_pointcloud_interfaces__rosidl_typesupport_introspection_cpp.so
[22/33] Building CXX object CMakeFiles/isaac_ros_pointcloud_interfaces__rosidl_typesupport_fastrtps_c.dir/rosidl_typesupport_fastrtps_c/isaac_ros_pointcloud_interfaces/msg/detail/flat_scan__type_support_c.cpp.o
[23/33] Linking CXX shared library libisaac_ros_pointcloud_interfaces__rosidl_typesupport_fastrtps_cpp.so
[24/33] Linking CXX shared library libisaac_ros_pointcloud_interfaces__rosidl_typesupport_fastrtps_c.so
[25/33] Generating Python code for ROS interfaces
[26/33] Building C object CMakeFiles/isaac_ros_pointcloud_interfaces__rosidl_typesupport_fastrtps_c__pyext.dir/rosidl_generator_py/isaac_ros_pointcloud_interfaces/_isaac_ros_pointcloud_interfaces_s.ep.rosidl_typesupport_fastrtps_c.c.o
[27/33] Building C object CMakeFiles/isaac_ros_pointcloud_interfaces__rosidl_typesupport_c__pyext.dir/rosidl_generator_py/isaac_ros_pointcloud_interfaces/_isaac_ros_pointcloud_interfaces_s.ep.rosidl_typesupport_c.c.o
[28/33] Building C object CMakeFiles/isaac_ros_pointcloud_interfaces__rosidl_typesupport_introspection_c__pyext.dir/rosidl_generator_py/isaac_ros_pointcloud_interfaces/_isaac_ros_pointcloud_interfaces_s.ep.rosidl_typesupport_introspection_c.c.o
[29/33] Building C object CMakeFiles/isaac_ros_pointcloud_interfaces__rosidl_generator_py.dir/rosidl_generator_py/isaac_ros_pointcloud_interfaces/msg/_flat_scan_s.c.o
[30/33] Linking C shared library rosidl_generator_py/isaac_ros_pointcloud_interfaces/libisaac_ros_pointcloud_interfaces__rosidl_generator_py.so
[31/33] Linking C shared library rosidl_generator_py/isaac_ros_pointcloud_interfaces/isaac_ros_pointcloud_interfaces_s__rosidl_typesupport_introspection_c.cpython-38-x86_64-linux-gnu.so
[32/33] Linking C shared library rosidl_generator_py/isaac_ros_pointcloud_interfaces/isaac_ros_pointcloud_interfaces_s__rosidl_typesupport_c.cpython-38-x86_64-linux-gnu.so
[33/33] Linking C shared library rosidl_generator_py/isaac_ros_pointcloud_interfaces/isaac_ros_pointcloud_interfaces_s__rosidl_typesupport_fastrtps_c.cpython-38-x86_64-linux-gnu.so
-- Install configuration: "Release"
-- Installing: /tareeq/install/isaac_ros_pointcloud_interfaces/share/ament_index/resource_index/rosidl_interfaces/isaac_ros_pointcloud_interfaces
-- Installing: /tareeq/install/isaac_ros_pointcloud_interfaces/include/isaac_ros_pointcloud_interfaces/isaac_ros_pointcloud_interfaces
-- Installing: /tareeq/install/isaac_ros_pointcloud_interfaces/include/isaac_ros_pointcloud_interfaces/isaac_ros_pointcloud_interfaces/msg
-- Installing: /tareeq/install/isaac_ros_pointcloud_interfaces/include/isaac_ros_pointcloud_interfaces/isaac_ros_pointcloud_interfaces/msg/detail
-- Installing: /tareeq/install/isaac_ros_pointcloud_interfaces/include/isaac_ros_pointcloud_interfaces/isaac_ros_pointcloud_interfaces/msg/detail/flat_scan__functions.c
-- Installing: /tareeq/install/isaac_ros_pointcloud_interfaces/include/isaac_ros_pointcloud_interfaces/isaac_ros_pointcloud_interfaces/msg/detail/flat_scan__struct.h
-- Installing: /tareeq/install/isaac_ros_pointcloud_interfaces/include/isaac_ros_pointcloud_interfaces/isaac_ros_pointcloud_interfaces/msg/detail/flat_scan__functions.h
-- Installing: /tareeq/install/isaac_ros_pointcloud_interfaces/include/isaac_ros_pointcloud_interfaces/isaac_ros_pointcloud_interfaces/msg/detail/flat_scan__type_support.h
-- Installing: /tareeq/install/isaac_ros_pointcloud_interfaces/include/isaac_ros_pointcloud_interfaces/isaac_ros_pointcloud_interfaces/msg/rosidl_generator_c__visibility_control.h
-- Installing: /tareeq/install/isaac_ros_pointcloud_interfaces/include/isaac_ros_pointcloud_interfaces/isaac_ros_pointcloud_interfaces/msg/flat_scan.h
-- Installing: /tareeq/install/isaac_ros_pointcloud_interfaces/share/isaac_ros_pointcloud_interfaces/environment/library_path.sh
-- Installing: /tareeq/install/isaac_ros_pointcloud_interfaces/share/isaac_ros_pointcloud_interfaces/environment/library_path.dsv
-- Installing: /tareeq/install/isaac_ros_pointcloud_interfaces/lib/libisaac_ros_pointcloud_interfaces__rosidl_generator_c.so
-- Set non-toolchain portion of runtime path of "/tareeq/install/isaac_ros_pointcloud_interfaces/lib/libisaac_ros_pointcloud_interfaces__rosidl_generator_c.so" to ""
-- Up-to-date: /tareeq/install/isaac_ros_pointcloud_interfaces/include/isaac_ros_pointcloud_interfaces/isaac_ros_pointcloud_interfaces
-- Up-to-date: /tareeq/install/isaac_ros_pointcloud_interfaces/include/isaac_ros_pointcloud_interfaces/isaac_ros_pointcloud_interfaces/msg
-- Up-to-date: /tareeq/install/isaac_ros_pointcloud_interfaces/include/isaac_ros_pointcloud_interfaces/isaac_ros_pointcloud_interfaces/msg/detail
-- Installing: /tareeq/install/isaac_ros_pointcloud_interfaces/include/isaac_ros_pointcloud_interfaces/isaac_ros_pointcloud_interfaces/msg/detail/flat_scan__rosidl_typesupport_fastrtps_c.h
-- Installing: /tareeq/install/isaac_ros_pointcloud_interfaces/include/isaac_ros_pointcloud_interfaces/isaac_ros_pointcloud_interfaces/msg/rosidl_typesupport_fastrtps_c__visibility_control.h
-- Installing: /tareeq/install/isaac_ros_pointcloud_interfaces/lib/libisaac_ros_pointcloud_interfaces__rosidl_typesupport_fastrtps_c.so
-- Set non-toolchain portion of runtime path of "/tareeq/install/isaac_ros_pointcloud_interfaces/lib/libisaac_ros_pointcloud_interfaces__rosidl_typesupport_fastrtps_c.so" to ""
-- Up-to-date: /tareeq/install/isaac_ros_pointcloud_interfaces/include/isaac_ros_pointcloud_interfaces/isaac_ros_pointcloud_interfaces
-- Up-to-date: /tareeq/install/isaac_ros_pointcloud_interfaces/include/isaac_ros_pointcloud_interfaces/isaac_ros_pointcloud_interfaces/msg
-- Up-to-date: /tareeq/install/isaac_ros_pointcloud_interfaces/include/isaac_ros_pointcloud_interfaces/isaac_ros_pointcloud_interfaces/msg/detail
-- Installing: /tareeq/install/isaac_ros_pointcloud_interfaces/include/isaac_ros_pointcloud_interfaces/isaac_ros_pointcloud_interfaces/msg/detail/flat_scan__type_support.c
-- Installing: /tareeq/install/isaac_ros_pointcloud_interfaces/include/isaac_ros_pointcloud_interfaces/isaac_ros_pointcloud_interfaces/msg/detail/flat_scan__rosidl_typesupport_introspection_c.h
-- Installing: /tareeq/install/isaac_ros_pointcloud_interfaces/include/isaac_ros_pointcloud_interfaces/isaac_ros_pointcloud_interfaces/msg/rosidl_typesupport_introspection_c__visibility_control.h
-- Installing: /tareeq/install/isaac_ros_pointcloud_interfaces/lib/libisaac_ros_pointcloud_interfaces__rosidl_typesupport_introspection_c.so
-- Set non-toolchain portion of runtime path of "/tareeq/install/isaac_ros_pointcloud_interfaces/lib/libisaac_ros_pointcloud_interfaces__rosidl_typesupport_introspection_c.so" to ""
-- Installing: /tareeq/install/isaac_ros_pointcloud_interfaces/lib/libisaac_ros_pointcloud_interfaces__rosidl_typesupport_c.so
-- Set non-toolchain portion of runtime path of "/tareeq/install/isaac_ros_pointcloud_interfaces/lib/libisaac_ros_pointcloud_interfaces__rosidl_typesupport_c.so" to ""
-- Up-to-date: /tareeq/install/isaac_ros_pointcloud_interfaces/include/isaac_ros_pointcloud_interfaces/isaac_ros_pointcloud_interfaces
-- Up-to-date: /tareeq/install/isaac_ros_pointcloud_interfaces/include/isaac_ros_pointcloud_interfaces/isaac_ros_pointcloud_interfaces/msg
-- Up-to-date: /tareeq/install/isaac_ros_pointcloud_interfaces/include/isaac_ros_pointcloud_interfaces/isaac_ros_pointcloud_interfaces/msg/detail
-- Installing: /tareeq/install/isaac_ros_pointcloud_interfaces/include/isaac_ros_pointcloud_interfaces/isaac_ros_pointcloud_interfaces/msg/detail/flat_scan__traits.hpp
-- Installing: /tareeq/install/isaac_ros_pointcloud_interfaces/include/isaac_ros_pointcloud_interfaces/isaac_ros_pointcloud_interfaces/msg/detail/flat_scan__builder.hpp
-- Installing: /tareeq/install/isaac_ros_pointcloud_interfaces/include/isaac_ros_pointcloud_interfaces/isaac_ros_pointcloud_interfaces/msg/detail/flat_scan__struct.hpp
-- Installing: /tareeq/install/isaac_ros_pointcloud_interfaces/include/isaac_ros_pointcloud_interfaces/isaac_ros_pointcloud_interfaces/msg/flat_scan.hpp
-- Up-to-date: /tareeq/install/isaac_ros_pointcloud_interfaces/include/isaac_ros_pointcloud_interfaces/isaac_ros_pointcloud_interfaces
-- Up-to-date: /tareeq/install/isaac_ros_pointcloud_interfaces/include/isaac_ros_pointcloud_interfaces/isaac_ros_pointcloud_interfaces/msg
-- Up-to-date: /tareeq/install/isaac_ros_pointcloud_interfaces/include/isaac_ros_pointcloud_interfaces/isaac_ros_pointcloud_interfaces/msg/detail
-- Installing: /tareeq/install/isaac_ros_pointcloud_interfaces/include/isaac_ros_pointcloud_interfaces/isaac_ros_pointcloud_interfaces/msg/detail/dds_fastrtps
-- Installing: /tareeq/install/isaac_ros_pointcloud_interfaces/include/isaac_ros_pointcloud_interfaces/isaac_ros_pointcloud_interfaces/msg/detail/flat_scan__rosidl_typesupport_fastrtps_cpp.hpp
-- Installing: /tareeq/install/isaac_ros_pointcloud_interfaces/include/isaac_ros_pointcloud_interfaces/isaac_ros_pointcloud_interfaces/msg/rosidl_typesupport_fastrtps_cpp__visibility_control.h
-- Installing: /tareeq/install/isaac_ros_pointcloud_interfaces/lib/libisaac_ros_pointcloud_interfaces__rosidl_typesupport_fastrtps_cpp.so
-- Set non-toolchain portion of runtime path of "/tareeq/install/isaac_ros_pointcloud_interfaces/lib/libisaac_ros_pointcloud_interfaces__rosidl_typesupport_fastrtps_cpp.so" to ""
-- Up-to-date: /tareeq/install/isaac_ros_pointcloud_interfaces/include/isaac_ros_pointcloud_interfaces/isaac_ros_pointcloud_interfaces
-- Up-to-date: /tareeq/install/isaac_ros_pointcloud_interfaces/include/isaac_ros_pointcloud_interfaces/isaac_ros_pointcloud_interfaces/msg
-- Up-to-date: /tareeq/install/isaac_ros_pointcloud_interfaces/include/isaac_ros_pointcloud_interfaces/isaac_ros_pointcloud_interfaces/msg/detail
-- Installing: /tareeq/install/isaac_ros_pointcloud_interfaces/include/isaac_ros_pointcloud_interfaces/isaac_ros_pointcloud_interfaces/msg/detail/flat_scan__type_support.cpp
-- Installing: /tareeq/install/isaac_ros_pointcloud_interfaces/include/isaac_ros_pointcloud_interfaces/isaac_ros_pointcloud_interfaces/msg/detail/flat_scan__rosidl_typesupport_introspection_cpp.hpp
-- Installing: /tareeq/install/isaac_ros_pointcloud_interfaces/lib/libisaac_ros_pointcloud_interfaces__rosidl_typesupport_introspection_cpp.so
-- Set non-toolchain portion of runtime path of "/tareeq/install/isaac_ros_pointcloud_interfaces/lib/libisaac_ros_pointcloud_interfaces__rosidl_typesupport_introspection_cpp.so" to ""
-- Installing: /tareeq/install/isaac_ros_pointcloud_interfaces/lib/libisaac_ros_pointcloud_interfaces__rosidl_typesupport_cpp.so
-- Set non-toolchain portion of runtime path of "/tareeq/install/isaac_ros_pointcloud_interfaces/lib/libisaac_ros_pointcloud_interfaces__rosidl_typesupport_cpp.so" to ""
-- Installing: /tareeq/install/isaac_ros_pointcloud_interfaces/share/isaac_ros_pointcloud_interfaces/environment/pythonpath.sh
-- Installing: /tareeq/install/isaac_ros_pointcloud_interfaces/share/isaac_ros_pointcloud_interfaces/environment/pythonpath.dsv
-- Installing: /tareeq/install/isaac_ros_pointcloud_interfaces/lib/python3.8/site-packages/isaac_ros_pointcloud_interfaces-2.1.0-py3.8.egg-info
-- Installing: /tareeq/install/isaac_ros_pointcloud_interfaces/lib/python3.8/site-packages/isaac_ros_pointcloud_interfaces-2.1.0-py3.8.egg-info/top_level.txt
-- Installing: /tareeq/install/isaac_ros_pointcloud_interfaces/lib/python3.8/site-packages/isaac_ros_pointcloud_interfaces-2.1.0-py3.8.egg-info/PKG-INFO
-- Installing: /tareeq/install/isaac_ros_pointcloud_interfaces/lib/python3.8/site-packages/isaac_ros_pointcloud_interfaces-2.1.0-py3.8.egg-info/dependency_links.txt
-- Installing: /tareeq/install/isaac_ros_pointcloud_interfaces/lib/python3.8/site-packages/isaac_ros_pointcloud_interfaces-2.1.0-py3.8.egg-info/SOURCES.txt
-- Installing: /tareeq/install/isaac_ros_pointcloud_interfaces/lib/python3.8/site-packages/isaac_ros_pointcloud_interfaces
-- Installing: /tareeq/install/isaac_ros_pointcloud_interfaces/lib/python3.8/site-packages/isaac_ros_pointcloud_interfaces/_isaac_ros_pointcloud_interfaces_s.ep.rosidl_typesupport_c.c
-- Installing: /tareeq/install/isaac_ros_pointcloud_interfaces/lib/python3.8/site-packages/isaac_ros_pointcloud_interfaces/_isaac_ros_pointcloud_interfaces_s.ep.rosidl_typesupport_introspection_c.c
-- Installing: /tareeq/install/isaac_ros_pointcloud_interfaces/lib/python3.8/site-packages/isaac_ros_pointcloud_interfaces/__init__.py
-- Installing: /tareeq/install/isaac_ros_pointcloud_interfaces/lib/python3.8/site-packages/isaac_ros_pointcloud_interfaces/isaac_ros_pointcloud_interfaces_s__rosidl_typesupport_c.cpython-38-x86_64-linux-gnu.so
-- Installing: /tareeq/install/isaac_ros_pointcloud_interfaces/lib/python3.8/site-packages/isaac_ros_pointcloud_interfaces/msg
-- Installing: /tareeq/install/isaac_ros_pointcloud_interfaces/lib/python3.8/site-packages/isaac_ros_pointcloud_interfaces/msg/__init__.py
-- Installing: /tareeq/install/isaac_ros_pointcloud_interfaces/lib/python3.8/site-packages/isaac_ros_pointcloud_interfaces/msg/_flat_scan.py
-- Installing: /tareeq/install/isaac_ros_pointcloud_interfaces/lib/python3.8/site-packages/isaac_ros_pointcloud_interfaces/msg/_flat_scan_s.c
-- Installing: /tareeq/install/isaac_ros_pointcloud_interfaces/lib/python3.8/site-packages/isaac_ros_pointcloud_interfaces/isaac_ros_pointcloud_interfaces_s__rosidl_typesupport_introspection_c.cpython-38-x86_64-linux-gnu.so
-- Installing: /tareeq/install/isaac_ros_pointcloud_interfaces/lib/python3.8/site-packages/isaac_ros_pointcloud_interfaces/_isaac_ros_pointcloud_interfaces_s.ep.rosidl_typesupport_fastrtps_c.c
-- Installing: /tareeq/install/isaac_ros_pointcloud_interfaces/lib/python3.8/site-packages/isaac_ros_pointcloud_interfaces/libisaac_ros_pointcloud_interfaces__rosidl_generator_py.so
-- Installing: /tareeq/install/isaac_ros_pointcloud_interfaces/lib/python3.8/site-packages/isaac_ros_pointcloud_interfaces/isaac_ros_pointcloud_interfaces_s__rosidl_typesupport_fastrtps_c.cpython-38-x86_64-linux-gnu.so
Listing '/tareeq/install/isaac_ros_pointcloud_interfaces/lib/python3.8/site-packages/isaac_ros_pointcloud_interfaces'...
Compiling '/tareeq/install/isaac_ros_pointcloud_interfaces/lib/python3.8/site-packages/isaac_ros_pointcloud_interfaces/__init__.py'...
Listing '/tareeq/install/isaac_ros_pointcloud_interfaces/lib/python3.8/site-packages/isaac_ros_pointcloud_interfaces/msg'...
Compiling '/tareeq/install/isaac_ros_pointcloud_interfaces/lib/python3.8/site-packages/isaac_ros_pointcloud_interfaces/msg/__init__.py'...
Compiling '/tareeq/install/isaac_ros_pointcloud_interfaces/lib/python3.8/site-packages/isaac_ros_pointcloud_interfaces/msg/_flat_scan.py'...
-- Installing: /tareeq/install/isaac_ros_pointcloud_interfaces/lib/python3.8/site-packages/isaac_ros_pointcloud_interfaces/isaac_ros_pointcloud_interfaces_s__rosidl_typesupport_fastrtps_c.cpython-38-x86_64-linux-gnu.so
-- Set non-toolchain portion of runtime path of "/tareeq/install/isaac_ros_pointcloud_interfaces/lib/python3.8/site-packages/isaac_ros_pointcloud_interfaces/isaac_ros_pointcloud_interfaces_s__rosidl_typesupport_fastrtps_c.cpython-38-x86_64-linux-gnu.so" to ""
-- Installing: /tareeq/install/isaac_ros_pointcloud_interfaces/lib/python3.8/site-packages/isaac_ros_pointcloud_interfaces/isaac_ros_pointcloud_interfaces_s__rosidl_typesupport_introspection_c.cpython-38-x86_64-linux-gnu.so
-- Set non-toolchain portion of runtime path of "/tareeq/install/isaac_ros_pointcloud_interfaces/lib/python3.8/site-packages/isaac_ros_pointcloud_interfaces/isaac_ros_pointcloud_interfaces_s__rosidl_typesupport_introspection_c.cpython-38-x86_64-linux-gnu.so" to ""
-- Installing: /tareeq/install/isaac_ros_pointcloud_interfaces/lib/python3.8/site-packages/isaac_ros_pointcloud_interfaces/isaac_ros_pointcloud_interfaces_s__rosidl_typesupport_c.cpython-38-x86_64-linux-gnu.so
-- Set non-toolchain portion of runtime path of "/tareeq/install/isaac_ros_pointcloud_interfaces/lib/python3.8/site-packages/isaac_ros_pointcloud_interfaces/isaac_ros_pointcloud_interfaces_s__rosidl_typesupport_c.cpython-38-x86_64-linux-gnu.so" to ""
-- Installing: /tareeq/install/isaac_ros_pointcloud_interfaces/lib/libisaac_ros_pointcloud_interfaces__rosidl_generator_py.so
-- Set non-toolchain portion of runtime path of "/tareeq/install/isaac_ros_pointcloud_interfaces/lib/libisaac_ros_pointcloud_interfaces__rosidl_generator_py.so" to ""
-- Installing: /tareeq/install/isaac_ros_pointcloud_interfaces/share/isaac_ros_pointcloud_interfaces/msg/FlatScan.idl
-- Installing: /tareeq/install/isaac_ros_pointcloud_interfaces/share/isaac_ros_pointcloud_interfaces/msg/FlatScan.msg
-- Installing: /tareeq/install/isaac_ros_pointcloud_interfaces/share/ament_index/resource_index/package_run_dependencies/isaac_ros_pointcloud_interfaces
-- Installing: /tareeq/install/isaac_ros_pointcloud_interfaces/share/ament_index/resource_index/parent_prefix_path/isaac_ros_pointcloud_interfaces
-- Installing: /tareeq/install/isaac_ros_pointcloud_interfaces/share/isaac_ros_pointcloud_interfaces/environment/ament_prefix_path.sh
-- Installing: /tareeq/install/isaac_ros_pointcloud_interfaces/share/isaac_ros_pointcloud_interfaces/environment/ament_prefix_path.dsv
-- Installing: /tareeq/install/isaac_ros_pointcloud_interfaces/share/isaac_ros_pointcloud_interfaces/environment/path.sh
-- Installing: /tareeq/install/isaac_ros_pointcloud_interfaces/share/isaac_ros_pointcloud_interfaces/environment/path.dsv
-- Installing: /tareeq/install/isaac_ros_pointcloud_interfaces/share/isaac_ros_pointcloud_interfaces/local_setup.bash
-- Installing: /tareeq/install/isaac_ros_pointcloud_interfaces/share/isaac_ros_pointcloud_interfaces/local_setup.sh
-- Installing: /tareeq/install/isaac_ros_pointcloud_interfaces/share/isaac_ros_pointcloud_interfaces/local_setup.zsh
-- Installing: /tareeq/install/isaac_ros_pointcloud_interfaces/share/isaac_ros_pointcloud_interfaces/local_setup.dsv
-- Installing: /tareeq/install/isaac_ros_pointcloud_interfaces/share/isaac_ros_pointcloud_interfaces/package.dsv
-- Installing: /tareeq/install/isaac_ros_pointcloud_interfaces/share/ament_index/resource_index/packages/isaac_ros_pointcloud_interfaces
-- Installing: /tareeq/install/isaac_ros_pointcloud_interfaces/share/isaac_ros_pointcloud_interfaces/cmake/export_isaac_ros_pointcloud_interfaces__rosidl_generator_cExport.cmake
-- Installing: /tareeq/install/isaac_ros_pointcloud_interfaces/share/isaac_ros_pointcloud_interfaces/cmake/export_isaac_ros_pointcloud_interfaces__rosidl_generator_cExport-release.cmake
-- Installing: /tareeq/install/isaac_ros_pointcloud_interfaces/share/isaac_ros_pointcloud_interfaces/cmake/export_isaac_ros_pointcloud_interfaces__rosidl_typesupport_fastrtps_cExport.cmake
-- Installing: /tareeq/install/isaac_ros_pointcloud_interfaces/share/isaac_ros_pointcloud_interfaces/cmake/export_isaac_ros_pointcloud_interfaces__rosidl_typesupport_fastrtps_cExport-release.cmake
-- Installing: /tareeq/install/isaac_ros_pointcloud_interfaces/share/isaac_ros_pointcloud_interfaces/cmake/isaac_ros_pointcloud_interfaces__rosidl_typesupport_introspection_cExport.cmake
-- Installing: /tareeq/install/isaac_ros_pointcloud_interfaces/share/isaac_ros_pointcloud_interfaces/cmake/isaac_ros_pointcloud_interfaces__rosidl_typesupport_introspection_cExport-release.cmake
-- Installing: /tareeq/install/isaac_ros_pointcloud_interfaces/share/isaac_ros_pointcloud_interfaces/cmake/isaac_ros_pointcloud_interfaces__rosidl_typesupport_cExport.cmake
-- Installing: /tareeq/install/isaac_ros_pointcloud_interfaces/share/isaac_ros_pointcloud_interfaces/cmake/isaac_ros_pointcloud_interfaces__rosidl_typesupport_cExport-release.cmake
-- Installing: /tareeq/install/isaac_ros_pointcloud_interfaces/share/isaac_ros_pointcloud_interfaces/cmake/export_isaac_ros_pointcloud_interfaces__rosidl_generator_cppExport.cmake
-- Installing: /tareeq/install/isaac_ros_pointcloud_interfaces/share/isaac_ros_pointcloud_interfaces/cmake/export_isaac_ros_pointcloud_interfaces__rosidl_typesupport_fastrtps_cppExport.cmake
-- Installing: /tareeq/install/isaac_ros_pointcloud_interfaces/share/isaac_ros_pointcloud_interfaces/cmake/export_isaac_ros_pointcloud_interfaces__rosidl_typesupport_fastrtps_cppExport-release.cmake
-- Installing: /tareeq/install/isaac_ros_pointcloud_interfaces/share/isaac_ros_pointcloud_interfaces/cmake/isaac_ros_pointcloud_interfaces__rosidl_typesupport_introspection_cppExport.cmake
-- Installing: /tareeq/install/isaac_ros_pointcloud_interfaces/share/isaac_ros_pointcloud_interfaces/cmake/isaac_ros_pointcloud_interfaces__rosidl_typesupport_introspection_cppExport-release.cmake
-- Installing: /tareeq/install/isaac_ros_pointcloud_interfaces/share/isaac_ros_pointcloud_interfaces/cmake/isaac_ros_pointcloud_interfaces__rosidl_typesupport_cppExport.cmake
-- Installing: /tareeq/install/isaac_ros_pointcloud_interfaces/share/isaac_ros_pointcloud_interfaces/cmake/isaac_ros_pointcloud_interfaces__rosidl_typesupport_cppExport-release.cmake
-- Installing: /tareeq/install/isaac_ros_pointcloud_interfaces/share/isaac_ros_pointcloud_interfaces/cmake/export_isaac_ros_pointcloud_interfaces__rosidl_generator_pyExport.cmake
-- Installing: /tareeq/install/isaac_ros_pointcloud_interfaces/share/isaac_ros_pointcloud_interfaces/cmake/export_isaac_ros_pointcloud_interfaces__rosidl_generator_pyExport-release.cmake
-- Installing: /tareeq/install/isaac_ros_pointcloud_interfaces/share/isaac_ros_pointcloud_interfaces/cmake/rosidl_cmake-extras.cmake
-- Installing: /tareeq/install/isaac_ros_pointcloud_interfaces/share/isaac_ros_pointcloud_interfaces/cmake/ament_cmake_export_dependencies-extras.cmake
-- Installing: /tareeq/install/isaac_ros_pointcloud_interfaces/share/isaac_ros_pointcloud_interfaces/cmake/ament_cmake_export_include_directories-extras.cmake
-- Installing: /tareeq/install/isaac_ros_pointcloud_interfaces/share/isaac_ros_pointcloud_interfaces/cmake/ament_cmake_export_libraries-extras.cmake
-- Installing: /tareeq/install/isaac_ros_pointcloud_interfaces/share/isaac_ros_pointcloud_interfaces/cmake/ament_cmake_export_targets-extras.cmake
-- Installing: /tareeq/install/isaac_ros_pointcloud_interfaces/share/isaac_ros_pointcloud_interfaces/cmake/rosidl_cmake_export_typesupport_targets-extras.cmake
-- Installing: /tareeq/install/isaac_ros_pointcloud_interfaces/share/isaac_ros_pointcloud_interfaces/cmake/rosidl_cmake_export_typesupport_libraries-extras.cmake
-- Installing: /tareeq/install/isaac_ros_pointcloud_interfaces/share/isaac_ros_pointcloud_interfaces/cmake/isaac_ros_pointcloud_interfacesConfig.cmake
-- Installing: /tareeq/install/isaac_ros_pointcloud_interfaces/share/isaac_ros_pointcloud_interfaces/cmake/isaac_ros_pointcloud_interfacesConfig-version.cmake
-- Installing: /tareeq/install/isaac_ros_pointcloud_interfaces/share/isaac_ros_pointcloud_interfaces/package.xml
