[0.080s] Invoking command in '/tareeq/build/cpp_pubsub': CMAKE_PREFIX_PATH=/opt/ros/humble _=/usr/bin/env /usr/bin/cmake --build /tareeq/build/cpp_pubsub -- -j32 -l32
[0.094s] ninja: no work to do.
[0.095s] Invoked command in '/tareeq/build/cpp_pubsub' returned '0': CMAKE_PREFIX_PATH=/opt/ros/humble _=/usr/bin/env /usr/bin/cmake --build /tareeq/build/cpp_pubsub -- -j32 -l32
[0.138s] Invoking command in '/tareeq/build/cpp_pubsub': CMAKE_PREFIX_PATH=/opt/ros/humble _=/usr/bin/env /usr/bin/cmake --install /tareeq/build/cpp_pubsub
[0.144s] -- Install configuration: ""
[0.145s] -- Up-to-date: /tareeq/install/cpp_pubsub/lib/cpp_pubsub/talker
[0.145s] -- Up-to-date: /tareeq/install/cpp_pubsub/share/ament_index/resource_index/package_run_dependencies/cpp_pubsub
[0.145s] -- Up-to-date: /tareeq/install/cpp_pubsub/share/ament_index/resource_index/parent_prefix_path/cpp_pubsub
[0.145s] -- Up-to-date: /tareeq/install/cpp_pubsub/share/cpp_pubsub/environment/ament_prefix_path.sh
[0.146s] -- Up-to-date: /tareeq/install/cpp_pubsub/share/cpp_pubsub/environment/ament_prefix_path.dsv
[0.146s] -- Up-to-date: /tareeq/install/cpp_pubsub/share/cpp_pubsub/environment/path.sh
[0.146s] -- Up-to-date: /tareeq/install/cpp_pubsub/share/cpp_pubsub/environment/path.dsv
[0.147s] -- Up-to-date: /tareeq/install/cpp_pubsub/share/cpp_pubsub/local_setup.bash
[0.147s] -- Up-to-date: /tareeq/install/cpp_pubsub/share/cpp_pubsub/local_setup.sh
[0.147s] -- Up-to-date: /tareeq/install/cpp_pubsub/share/cpp_pubsub/local_setup.zsh
[0.147s] -- Up-to-date: /tareeq/install/cpp_pubsub/share/cpp_pubsub/local_setup.dsv
[0.147s] -- Up-to-date: /tareeq/install/cpp_pubsub/share/cpp_pubsub/package.dsv
[0.148s] -- Up-to-date: /tareeq/install/cpp_pubsub/share/ament_index/resource_index/packages/cpp_pubsub
[0.148s] -- Up-to-date: /tareeq/install/cpp_pubsub/share/cpp_pubsub/cmake/cpp_pubsubConfig.cmake
[0.148s] -- Up-to-date: /tareeq/install/cpp_pubsub/share/cpp_pubsub/cmake/cpp_pubsubConfig-version.cmake
[0.148s] -- Up-to-date: /tareeq/install/cpp_pubsub/share/cpp_pubsub/package.xml
[0.148s] Invoked command in '/tareeq/build/cpp_pubsub' returned '0': CMAKE_PREFIX_PATH=/opt/ros/humble _=/usr/bin/env /usr/bin/cmake --install /tareeq/build/cpp_pubsub
